Using pre-set license
Built from '2020.3/release' branch; Version is '2020.3.15f2 (6cf78cb77498) revision 7141260'; Using compiler version '192528614'; Build Type 'Release'
OS: 'Windows 10 Home; OS build 19042.1110; Version 2009; 64bit' Language: 'en' Physical Memory: 16327 MB
BatchMode: 1, IsHumanControllingUs: 0, StartBugReporterOnCrash: 0, Is64bit: 1, IsPro: 0

 COMMAND LINE ARGUMENTS:
C:\Program Files\Unity\2020.3.15f2\Editor\Unity.exe
-adb2
-batchMode
-noUpm
-name
AssetImportWorker0
-projectPath
C:/Users/Tori/Documents/GitHub/GameJamProject
-logFile
Logs/AssetImportWorker0.log
-srvPort
49418
Successfully changed project path to: C:/Users/Tori/Documents/GitHub/GameJamProject
C:/Users/Tori/Documents/GitHub/GameJamProject
Using Asset Import Pipeline V2.
Refreshing native plugins compatible for Editor in 40.79 ms, found 2 plugins.
Preloading 0 native plugins for Editor in 0.00 ms.
Initialize engine version: 2020.3.15f2 (6cf78cb77498)
[Subsystems] Discovering subsystems at path C:/Program Files/Unity/2020.3.15f2/Editor/Data/Resources/UnitySubsystems
[Subsystems] Discovering subsystems at path C:/Users/Tori/Documents/GitHub/GameJamProject/Assets
GfxDevice: creating device client; threaded=0
Direct3D:
    Version:  Direct3D 11.0 [level 11.1]
    Renderer: NVIDIA GeForce RTX 3070 (ID=0x2484)
    Vendor:   
    VRAM:     8043 MB
    Driver:   27.21.14.6627
Shader 'Universal Render Pipeline/Particles/Lit': fallback shader 'Universal Render Pipeline/Particles/SimpleLit' not found
Initialize mono
Mono path[0] = 'C:/Program Files/Unity/2020.3.15f2/Editor/Data/Managed'
Mono path[1] = 'C:/Program Files/Unity/2020.3.15f2/Editor/Data/MonoBleedingEdge/lib/mono/unityjit'
Mono config path = 'C:/Program Files/Unity/2020.3.15f2/Editor/Data/MonoBleedingEdge/etc'
Using monoOptions --debugger-agent=transport=dt_socket,embedding=1,server=y,suspend=n,address=127.0.0.1:56272
Begin MonoManager ReloadAssembly
Registering precompiled unity dll's ...
Register platform support module: C:/Program Files/Unity/2020.3.15f2/Editor/Data/PlaybackEngines/WindowsStandaloneSupport/UnityEditor.WindowsStandalone.Extensions.dll
Registered in 0.001837 seconds.
Native extension for WindowsStandalone target not found
Refreshing native plugins compatible for Editor in 41.86 ms, found 2 plugins.
Preloading 0 native plugins for Editor in 0.00 ms.
Mono: successfully reloaded assembly
- Completed reload, in  1.003 seconds
Domain Reload Profiling:
	ReloadAssembly (1003ms)
		BeginReloadAssembly (43ms)
			ExecutionOrderSort (0ms)
			DisableScriptedObjects (0ms)
			BackupInstance (0ms)
			ReleaseScriptingObjects (0ms)
			CreateAndSetChildDomain (1ms)
		EndReloadAssembly (370ms)
			LoadAssemblies (42ms)
			RebuildTransferFunctionScriptingTraits (0ms)
			SetupTypeCache (132ms)
			ReleaseScriptCaches (0ms)
			RebuildScriptCaches (28ms)
			SetupLoadedEditorAssemblies (151ms)
				LogAssemblyErrors (0ms)
				InitializePlatformSupportModulesInManaged (3ms)
				SetLoadedEditorAssemblies (0ms)
				RefreshPlugins (42ms)
				BeforeProcessingInitializeOnLoad (14ms)
				ProcessInitializeOnLoadAttributes (70ms)
				ProcessInitializeOnLoadMethodAttributes (22ms)
				AfterProcessingInitializeOnLoad (0ms)
				EditorAssembliesLoaded (0ms)
			ExecutionOrderSort2 (0ms)
			AwakeInstancesAfterBackupRestoration (0ms)
Platform modules already initialized, skipping
Registering precompiled user dll's ...
Registered in 0.003569 seconds.
Begin MonoManager ReloadAssembly
Native extension for WindowsStandalone target not found
Refreshing native plugins compatible for Editor in 40.30 ms, found 2 plugins.
Preloading 0 native plugins for Editor in 0.00 ms.
Mono: successfully reloaded assembly
- Completed reload, in  1.036 seconds
Domain Reload Profiling:
	ReloadAssembly (1036ms)
		BeginReloadAssembly (115ms)
			ExecutionOrderSort (0ms)
			DisableScriptedObjects (4ms)
			BackupInstance (0ms)
			ReleaseScriptingObjects (0ms)
			CreateAndSetChildDomain (14ms)
		EndReloadAssembly (869ms)
			LoadAssemblies (71ms)
			RebuildTransferFunctionScriptingTraits (0ms)
			SetupTypeCache (255ms)
			ReleaseScriptCaches (0ms)
			RebuildScriptCaches (49ms)
			SetupLoadedEditorAssemblies (387ms)
				LogAssemblyErrors (0ms)
				InitializePlatformSupportModulesInManaged (4ms)
				SetLoadedEditorAssemblies (0ms)
				RefreshPlugins (40ms)
				BeforeProcessingInitializeOnLoad (84ms)
				ProcessInitializeOnLoadAttributes (250ms)
				ProcessInitializeOnLoadMethodAttributes (4ms)
				AfterProcessingInitializeOnLoad (5ms)
				EditorAssembliesLoaded (0ms)
			ExecutionOrderSort2 (0ms)
			AwakeInstancesAfterBackupRestoration (5ms)
Platform modules already initialized, skipping
========================================================================
Worker process is ready to serve import requests
Shader 'Universal Render Pipeline/Particles/Lit': fallback shader 'Universal Render Pipeline/Particles/SimpleLit' not found
Launched and connected shader compiler UnityShaderCompiler.exe after 0.07 seconds
Refreshing native plugins compatible for Editor in 0.46 ms, found 2 plugins.
Preloading 0 native plugins for Editor in 0.00 ms.
Unloading 2844 Unused Serialized files (Serialized files now loaded: 0)
System memory in use before: 129.5 MB.
System memory in use after: 129.7 MB.

Unloading 20 unused Assets to reduce memory usage. Loaded Objects now: 3284.
Total: 2.245600 ms (FindLiveObjects: 0.220000 ms CreateObjectMapping: 0.113400 ms MarkObjects: 1.829600 ms  DeleteObjects: 0.081900 ms)

AssetImportParameters requested are different than current active one (requested -> active):
  custom:framework-win-MediaFoundation: 216162199b28c13a410421893ffa2e32 -> 
  custom:video-decoder-ogg-theora: a1e56fd34408186e4bbccfd4996cb3dc -> 
  custom:container-muxer-webm: aa71ff27fc2769a1b78a27578f13a17b -> 
  custom:container-demuxer-webm: 4f35f7cbe854078d1ac9338744f61a02 -> 
  custom:container-demuxer-ogg: 62fdf1f143b41e24485cea50d1cbac27 -> 
  custom:video-encoder-webm-vp8: eb34c28f22e8b96e1ab97ce403110664 -> 
  custom:video-decoder-webm-vp8: 9c59270c3fd7afecdb556c50c9e8de78 -> 
  custom:audio-decoder-ogg-vorbis: bf7c407c2cedff20999df2af8eb42d56 -> 
  custom:audio-encoder-webm-vorbis: bf7c407c2cedff20999df2af8eb42d56 -> 
========================================================================
Received Import Request.
  path: Assets/Shaders/Shader Graph
  artifactKey: Guid(e0559ae204f65d549bff22a15edbb0ae) Importer(815301076,1909f56bfc062723c751e8b465ee728b)
Start importing Assets/Shaders/Shader Graph using Guid(e0559ae204f65d549bff22a15edbb0ae) Importer(815301076,1909f56bfc062723c751e8b465ee728b)  -> (artifact id: 'c6d615d64672e7a596c53609662eee3c') in 0.006609 seconds 
  Import took 0.010065 seconds .

========================================================================
Received Import Request.
  Time since last request: 20.827382 seconds.
  path: Assets/Shaders/RenderPipeline
  artifactKey: Guid(d9743bf7d25b6bb44ab26b1b966af3ee) Importer(815301076,1909f56bfc062723c751e8b465ee728b)
Start importing Assets/Shaders/RenderPipeline using Guid(d9743bf7d25b6bb44ab26b1b966af3ee) Importer(815301076,1909f56bfc062723c751e8b465ee728b)  -> (artifact id: '03dd156cd6dcf33d21b404d932d93744') in 0.004882 seconds 
  Import took 0.008662 seconds .

========================================================================
Received Import Request.
  Time since last request: 0.026778 seconds.
  path: Assets/Shaders/RenderPipeline
  artifactKey: Guid(d9743bf7d25b6bb44ab26b1b966af3ee) Importer(815301076,1909f56bfc062723c751e8b465ee728b)
Start importing Assets/Shaders/RenderPipeline using Guid(d9743bf7d25b6bb44ab26b1b966af3ee) Importer(815301076,1909f56bfc062723c751e8b465ee728b)  -> (artifact id: '03dd156cd6dcf33d21b404d932d93744') in 0.001668 seconds 
  Import took 0.005379 seconds .

========================================================================
Received Import Request.
  Time since last request: 25.882043 seconds.
  path: Assets
  artifactKey: Guid(00000000000000001000000000000000) Importer(815301076,1909f56bfc062723c751e8b465ee728b)
Start importing Assets using Guid(00000000000000001000000000000000) Importer(815301076,1909f56bfc062723c751e8b465ee728b)  -> (artifact id: '42d402b061de3733987d63b9cc3b64de') in 0.005075 seconds 
  Import took 0.008853 seconds .

========================================================================
Received Import Request.
  Time since last request: 5.163421 seconds.
  path: Assets/UITextures
  artifactKey: Guid(636f2d688b2daad4aaa67049e6f453dd) Importer(815301076,1909f56bfc062723c751e8b465ee728b)
Start importing Assets/UITextures using Guid(636f2d688b2daad4aaa67049e6f453dd) Importer(815301076,1909f56bfc062723c751e8b465ee728b)  -> (artifact id: '8493b82b1d6c607bfb8a7072f5688189') in 0.004754 seconds 
  Import took 0.008908 seconds .

========================================================================
Received Import Request.
  Time since last request: 0.028920 seconds.
  path: Assets/UITextures
  artifactKey: Guid(636f2d688b2daad4aaa67049e6f453dd) Importer(815301076,1909f56bfc062723c751e8b465ee728b)
Start importing Assets/UITextures using Guid(636f2d688b2daad4aaa67049e6f453dd) Importer(815301076,1909f56bfc062723c751e8b465ee728b)  -> (artifact id: '8493b82b1d6c607bfb8a7072f5688189') in 0.001700 seconds 
  Import took 0.005677 seconds .

========================================================================
Received Import Request.
  Time since last request: 1066.336497 seconds.
  path: Assets/UITextures/OpalButtonTex.png
  artifactKey: Guid(11721d174820c4d4c95ee2197d58f656) Importer(815301076,1909f56bfc062723c751e8b465ee728b)
Start importing Assets/UITextures/OpalButtonTex.png using Guid(11721d174820c4d4c95ee2197d58f656) Importer(815301076,1909f56bfc062723c751e8b465ee728b)  -> (artifact id: '2f778389dd90bfc6f3084434718b2ed0') in 0.089542 seconds 
  Import took 0.094101 seconds .

========================================================================
Received Import Request.
  Time since last request: 48.466230 seconds.
  path: Assets/UITextures/OpalButtonTex.png
  artifactKey: Guid(11721d174820c4d4c95ee2197d58f656) Importer(815301076,1909f56bfc062723c751e8b465ee728b)
Start importing Assets/UITextures/OpalButtonTex.png using Guid(11721d174820c4d4c95ee2197d58f656) Importer(815301076,1909f56bfc062723c751e8b465ee728b)  -> (artifact id: '9c54c3e6e141d30b071d099ca5272b93') in 0.048910 seconds 
  Import took 0.053714 seconds .

========================================================================
Received Import Request.
  Time since last request: 52.120859 seconds.
  path: Assets/UITextures/OpalButtonTex.png
  artifactKey: Guid(11721d174820c4d4c95ee2197d58f656) Importer(815301076,1909f56bfc062723c751e8b465ee728b)
Start importing Assets/UITextures/OpalButtonTex.png using Guid(11721d174820c4d4c95ee2197d58f656) Importer(815301076,1909f56bfc062723c751e8b465ee728b)  -> (artifact id: '622c56f14699bd83363183fd3ee19262') in 0.074131 seconds 
  Import took 0.077904 seconds .

========================================================================
Received Import Request.
  Time since last request: 305.213257 seconds.
  path: Assets/UITextures/TealOUI.png
  artifactKey: Guid(25e56d1f0e3fa4644b1ca026cf779762) Importer(815301076,1909f56bfc062723c751e8b465ee728b)
Start importing Assets/UITextures/TealOUI.png using Guid(25e56d1f0e3fa4644b1ca026cf779762) Importer(815301076,1909f56bfc062723c751e8b465ee728b)  -> (artifact id: 'e18042df0ae5d66344d994b9b39b3f7e') in 0.039633 seconds 
  Import took 0.043695 seconds .

========================================================================
Received Import Request.
  Time since last request: 0.003473 seconds.
  path: Assets/UITextures/TealOUI.png
  artifactKey: Guid(25e56d1f0e3fa4644b1ca026cf779762) Importer(815301076,1909f56bfc062723c751e8b465ee728b)
Start importing Assets/UITextures/TealOUI.png using Guid(25e56d1f0e3fa4644b1ca026cf779762) Importer(815301076,1909f56bfc062723c751e8b465ee728b)  -> (artifact id: 'e18042df0ae5d66344d994b9b39b3f7e') in 0.006307 seconds 
  Import took 0.010622 seconds .

========================================================================
Received Import Request.
  Time since last request: 15.565544 seconds.
  path: Assets/UITextures/TealOUI.png
  artifactKey: Guid(25e56d1f0e3fa4644b1ca026cf779762) Importer(815301076,1909f56bfc062723c751e8b465ee728b)
Start importing Assets/UITextures/TealOUI.png using Guid(25e56d1f0e3fa4644b1ca026cf779762) Importer(815301076,1909f56bfc062723c751e8b465ee728b)  -> (artifact id: '95e8121da6e8c46e657ef29d1391a89e') in 0.051607 seconds 
  Import took 0.056030 seconds .

========================================================================
Received Prepare
Registering precompiled user dll's ...
Registered in 0.004099 seconds.
Begin MonoManager ReloadAssembly
Native extension for WindowsStandalone target not found
Refreshing native plugins compatible for Editor in 0.45 ms, found 2 plugins.
Preloading 0 native plugins for Editor in 0.00 ms.
Mono: successfully reloaded assembly
- Completed reload, in  1.040 seconds
Domain Reload Profiling:
	ReloadAssembly (1041ms)
		BeginReloadAssembly (99ms)
			ExecutionOrderSort (0ms)
			DisableScriptedObjects (4ms)
			BackupInstance (0ms)
			ReleaseScriptingObjects (0ms)
			CreateAndSetChildDomain (29ms)
		EndReloadAssembly (892ms)
			LoadAssemblies (70ms)
			RebuildTransferFunctionScriptingTraits (0ms)
			SetupTypeCache (250ms)
			ReleaseScriptCaches (1ms)
			RebuildScriptCaches (59ms)
			SetupLoadedEditorAssemblies (384ms)
				LogAssemblyErrors (0ms)
				InitializePlatformSupportModulesInManaged (5ms)
				SetLoadedEditorAssemblies (0ms)
				RefreshPlugins (0ms)
				BeforeProcessingInitializeOnLoad (98ms)
				ProcessInitializeOnLoadAttributes (271ms)
				ProcessInitializeOnLoadMethodAttributes (4ms)
				AfterProcessingInitializeOnLoad (5ms)
				EditorAssembliesLoaded (0ms)
			ExecutionOrderSort2 (0ms)
			AwakeInstancesAfterBackupRestoration (40ms)
Platform modules already initialized, skipping
Shader 'Universal Render Pipeline/Particles/Lit': fallback shader 'Universal Render Pipeline/Particles/SimpleLit' not found
Refreshing native plugins compatible for Editor in 0.47 ms, found 2 plugins.
Preloading 0 native plugins for Editor in 0.00 ms.
Unloading 2729 Unused Serialized files (Serialized files now loaded: 0)
System memory in use before: 125.0 MB.
System memory in use after: 125.2 MB.

Unloading 15 unused Assets to reduce memory usage. Loaded Objects now: 3296.
Total: 2.394000 ms (FindLiveObjects: 0.251900 ms CreateObjectMapping: 0.133300 ms MarkObjects: 1.994900 ms  DeleteObjects: 0.013300 ms)

AssetImportParameters requested are different than current active one (requested -> active):
  custom:framework-win-MediaFoundation: 216162199b28c13a410421893ffa2e32 -> 
  custom:video-decoder-ogg-theora: a1e56fd34408186e4bbccfd4996cb3dc -> 
  custom:container-muxer-webm: aa71ff27fc2769a1b78a27578f13a17b -> 
  custom:container-demuxer-webm: 4f35f7cbe854078d1ac9338744f61a02 -> 
  custom:container-demuxer-ogg: 62fdf1f143b41e24485cea50d1cbac27 -> 
  custom:video-encoder-webm-vp8: eb34c28f22e8b96e1ab97ce403110664 -> 
  custom:video-decoder-webm-vp8: 9c59270c3fd7afecdb556c50c9e8de78 -> 
  custom:audio-decoder-ogg-vorbis: bf7c407c2cedff20999df2af8eb42d56 -> 
  custom:audio-encoder-webm-vorbis: bf7c407c2cedff20999df2af8eb42d56 -> 
========================================================================
Received Import Request.
  Time since last request: 319.344581 seconds.
  path: Assets/Scenes
  artifactKey: Guid(463b1ea1b739e414dac137b1197de3f3) Importer(815301076,1909f56bfc062723c751e8b465ee728b)
Start importing Assets/Scenes using Guid(463b1ea1b739e414dac137b1197de3f3) Importer(815301076,1909f56bfc062723c751e8b465ee728b)  -> (artifact id: 'd953c8ed1e52b259a6d88c33852ca514') in 0.008481 seconds 
  Import took 0.012171 seconds .

========================================================================
Received Import Request.
  Time since last request: 8.250597 seconds.
  path: Assets/Scenes/SampleUi.unity
  artifactKey: Guid(5b6b1b2ef111f8e4ca6fd6e821a67c4e) Importer(815301076,1909f56bfc062723c751e8b465ee728b)
Start importing Assets/Scenes/SampleUi.unity using Guid(5b6b1b2ef111f8e4ca6fd6e821a67c4e) Importer(815301076,1909f56bfc062723c751e8b465ee728b)  -> (artifact id: '3c96e1a98dd674622c44b373b7fbf9d1') in 0.017977 seconds 
  Import took 0.021940 seconds .

========================================================================
Received Import Request.
  Time since last request: 0.024835 seconds.
  path: Assets/Scenes/SampleUi.unity
  artifactKey: Guid(5b6b1b2ef111f8e4ca6fd6e821a67c4e) Importer(815301076,1909f56bfc062723c751e8b465ee728b)
Start importing Assets/Scenes/SampleUi.unity using Guid(5b6b1b2ef111f8e4ca6fd6e821a67c4e) Importer(815301076,1909f56bfc062723c751e8b465ee728b)  -> (artifact id: '3c96e1a98dd674622c44b373b7fbf9d1') in 0.002016 seconds 
  Import took 0.005988 seconds .

========================================================================
Received Import Request.
  Time since last request: 92.658692 seconds.
  path: Assets/Scenes/SampleUi.unity
  artifactKey: Guid(5b6b1b2ef111f8e4ca6fd6e821a67c4e) Importer(815301076,1909f56bfc062723c751e8b465ee728b)
Start importing Assets/Scenes/SampleUi.unity using Guid(5b6b1b2ef111f8e4ca6fd6e821a67c4e) Importer(815301076,1909f56bfc062723c751e8b465ee728b)  -> (artifact id: '9fd1f04c798596bed2c83bef735699d5') in 0.002042 seconds 
  Import took 0.006412 seconds .

========================================================================
Received Import Request.
  Time since last request: 0.584036 seconds.
  path: Assets/Scenes/SampleScene.unity
  artifactKey: Guid(9fc0d4010bbf28b4594072e72b8655ab) Importer(815301076,1909f56bfc062723c751e8b465ee728b)
Start importing Assets/Scenes/SampleScene.unity using Guid(9fc0d4010bbf28b4594072e72b8655ab) Importer(815301076,1909f56bfc062723c751e8b465ee728b)  -> (artifact id: 'd1782fa077b0fe4ac5a7b920ff6b1f96') in 0.005347 seconds 
  Import took 0.009350 seconds .

========================================================================
Received Import Request.
  Time since last request: 97.587439 seconds.
  path: Assets/UITextures/Fonts
  artifactKey: Guid(aca167a93f64ea44fbc50a5c571b1bde) Importer(815301076,1909f56bfc062723c751e8b465ee728b)
Start importing Assets/UITextures/Fonts using Guid(aca167a93f64ea44fbc50a5c571b1bde) Importer(815301076,1909f56bfc062723c751e8b465ee728b)  -> (artifact id: '589b8362f15260444daba66ce8b06601') in 0.005337 seconds 
  Import took 0.010115 seconds .

========================================================================
Received Import Request.
  Time since last request: 64.641601 seconds.
  path: Assets/UITextures/Fonts/kenvector_future.ttf
  artifactKey: Guid(876a6c0b09237bd4f891ede1d8ae823c) Importer(815301076,1909f56bfc062723c751e8b465ee728b)
Start importing Assets/UITextures/Fonts/kenvector_future.ttf using Guid(876a6c0b09237bd4f891ede1d8ae823c) Importer(815301076,1909f56bfc062723c751e8b465ee728b)  -> (artifact id: '2a5b9a8dbacc4c18de3a1dc498085a9b') in 0.139447 seconds 
  Import took 0.143629 seconds .

========================================================================
Received Import Request.
  Time since last request: 0.000257 seconds.
  path: Assets/UITextures/Fonts/kenvector_future_thin.ttf
  artifactKey: Guid(687b6323cdceb0249a41996f3b3e5fa4) Importer(815301076,1909f56bfc062723c751e8b465ee728b)
Start importing Assets/UITextures/Fonts/kenvector_future_thin.ttf using Guid(687b6323cdceb0249a41996f3b3e5fa4) Importer(815301076,1909f56bfc062723c751e8b465ee728b)  -> (artifact id: '02391b7437f3a7b6edbe33bd271dc11d') in 0.013393 seconds 
  Import took 0.017087 seconds .

========================================================================
Received Import Request.
  Time since last request: 413.167352 seconds.
  path: Assets/UITextures/Fonts/kenvector_future_thin.ttf
  artifactKey: Guid(687b6323cdceb0249a41996f3b3e5fa4) Importer(815301076,1909f56bfc062723c751e8b465ee728b)
Start importing Assets/UITextures/Fonts/kenvector_future_thin.ttf using Guid(687b6323cdceb0249a41996f3b3e5fa4) Importer(815301076,1909f56bfc062723c751e8b465ee728b)  -> (artifact id: '00fde5039190d5f3a86d23542a6800fa') in 0.013501 seconds 
  Import took 0.019559 seconds .

========================================================================
Received Import Request.
  Time since last request: 8.003322 seconds.
  path: Assets/UITextures/Fonts/kenvector_future.ttf
  artifactKey: Guid(876a6c0b09237bd4f891ede1d8ae823c) Importer(815301076,1909f56bfc062723c751e8b465ee728b)
Start importing Assets/UITextures/Fonts/kenvector_future.ttf using Guid(876a6c0b09237bd4f891ede1d8ae823c) Importer(815301076,1909f56bfc062723c751e8b465ee728b)  -> (artifact id: 'df7e1bf51ca008f01b366b6a1978e246') in 0.012780 seconds 
  Import took 0.016926 seconds .

========================================================================
Received Import Request.
  Time since last request: 3.255583 seconds.
  path: Assets/UITextures/Fonts/kenvector_future.ttf
  artifactKey: Guid(876a6c0b09237bd4f891ede1d8ae823c) Importer(815301076,1909f56bfc062723c751e8b465ee728b)
Start importing Assets/UITextures/Fonts/kenvector_future.ttf using Guid(876a6c0b09237bd4f891ede1d8ae823c) Importer(815301076,1909f56bfc062723c751e8b465ee728b)  -> (artifact id: '0a2e6dffeac8d1230ecb2758c295ab84') in 0.012469 seconds 
  Import took 0.016525 seconds .

========================================================================
Received Import Request.
  Time since last request: 2.283231 seconds.
  path: Assets/UITextures/Fonts/kenvector_future.ttf
  artifactKey: Guid(876a6c0b09237bd4f891ede1d8ae823c) Importer(815301076,1909f56bfc062723c751e8b465ee728b)
Start importing Assets/UITextures/Fonts/kenvector_future.ttf using Guid(876a6c0b09237bd4f891ede1d8ae823c) Importer(815301076,1909f56bfc062723c751e8b465ee728b)  -> (artifact id: '0a04e9415e3830937a245da21632e24f') in 0.013410 seconds 
  Import took 0.017148 seconds .

========================================================================
Received Import Request.
  Time since last request: 134.574929 seconds.
  path: Assets/Scenes/SampleUi.unity
  artifactKey: Guid(5b6b1b2ef111f8e4ca6fd6e821a67c4e) Importer(815301076,1909f56bfc062723c751e8b465ee728b)
Start importing Assets/Scenes/SampleUi.unity using Guid(5b6b1b2ef111f8e4ca6fd6e821a67c4e) Importer(815301076,1909f56bfc062723c751e8b465ee728b)  -> (artifact id: 'df82f8fd320c4fe713186c4233c0bb5e') in 0.002527 seconds 
  Import took 0.006725 seconds .

========================================================================
Received Prepare
Registering precompiled user dll's ...
Registered in 0.003256 seconds.
Begin MonoManager ReloadAssembly
Native extension for WindowsStandalone target not found
Refreshing native plugins compatible for Editor in 0.48 ms, found 2 plugins.
Preloading 0 native plugins for Editor in 0.00 ms.
Mono: successfully reloaded assembly
- Completed reload, in  1.053 seconds
Domain Reload Profiling:
	ReloadAssembly (1053ms)
		BeginReloadAssembly (110ms)
			ExecutionOrderSort (0ms)
			DisableScriptedObjects (6ms)
			BackupInstance (0ms)
			ReleaseScriptingObjects (0ms)
			CreateAndSetChildDomain (35ms)
		EndReloadAssembly (885ms)
			LoadAssemblies (72ms)
			RebuildTransferFunctionScriptingTraits (0ms)
			SetupTypeCache (255ms)
			ReleaseScriptCaches (1ms)
			RebuildScriptCaches (51ms)
			SetupLoadedEditorAssemblies (367ms)
				LogAssemblyErrors (0ms)
				InitializePlatformSupportModulesInManaged (5ms)
				SetLoadedEditorAssemblies (0ms)
				RefreshPlugins (1ms)
				BeforeProcessingInitializeOnLoad (92ms)
				ProcessInitializeOnLoadAttributes (259ms)
				ProcessInitializeOnLoadMethodAttributes (4ms)
				AfterProcessingInitializeOnLoad (6ms)
				EditorAssembliesLoaded (0ms)
			ExecutionOrderSort2 (0ms)
			AwakeInstancesAfterBackupRestoration (42ms)
Platform modules already initialized, skipping
Shader 'Universal Render Pipeline/Particles/Lit': fallback shader 'Universal Render Pipeline/Particles/SimpleLit' not found
Refreshing native plugins compatible for Editor in 0.44 ms, found 2 plugins.
Preloading 0 native plugins for Editor in 0.00 ms.
Unloading 2729 Unused Serialized files (Serialized files now loaded: 0)
System memory in use before: 128.0 MB.
System memory in use after: 128.3 MB.

Unloading 15 unused Assets to reduce memory usage. Loaded Objects now: 3382.
Total: 2.456100 ms (FindLiveObjects: 0.293400 ms CreateObjectMapping: 0.195500 ms MarkObjects: 1.948600 ms  DeleteObjects: 0.017800 ms)

AssetImportParameters requested are different than current active one (requested -> active):
  custom:framework-win-MediaFoundation: 216162199b28c13a410421893ffa2e32 -> 
  custom:video-decoder-ogg-theora: a1e56fd34408186e4bbccfd4996cb3dc -> 
  custom:container-muxer-webm: aa71ff27fc2769a1b78a27578f13a17b -> 
  custom:container-demuxer-webm: 4f35f7cbe854078d1ac9338744f61a02 -> 
  custom:container-demuxer-ogg: 62fdf1f143b41e24485cea50d1cbac27 -> 
  custom:video-encoder-webm-vp8: eb34c28f22e8b96e1ab97ce403110664 -> 
  custom:video-decoder-webm-vp8: 9c59270c3fd7afecdb556c50c9e8de78 -> 
  custom:audio-decoder-ogg-vorbis: bf7c407c2cedff20999df2af8eb42d56 -> 
  custom:audio-encoder-webm-vorbis: bf7c407c2cedff20999df2af8eb42d56 -> 
========================================================================
Received Import Request.
  Time since last request: 593.974472 seconds.
  path: Assets/UITextures/Healthbar.png
  artifactKey: Guid(d979b220e3a55b54da026fc255694f90) Importer(815301076,1909f56bfc062723c751e8b465ee728b)
Start importing Assets/UITextures/Healthbar.png using Guid(d979b220e3a55b54da026fc255694f90) Importer(815301076,1909f56bfc062723c751e8b465ee728b)  -> (artifact id: '91b8e89ce8d0fde1be8d1689c349b241') in 0.039119 seconds 
  Import took 0.043432 seconds .

========================================================================
Received Import Request.
  Time since last request: 7.296974 seconds.
  path: Assets/UITextures/Healthbar.png
  artifactKey: Guid(d979b220e3a55b54da026fc255694f90) Importer(815301076,1909f56bfc062723c751e8b465ee728b)
Start importing Assets/UITextures/Healthbar.png using Guid(d979b220e3a55b54da026fc255694f90) Importer(815301076,1909f56bfc062723c751e8b465ee728b)  -> (artifact id: 'd0ef34d8c679048d2b2f62e4111c370c') in 0.029458 seconds 
  Import took 0.033439 seconds .

========================================================================
Received Prepare
Registering precompiled user dll's ...
Registered in 0.003237 seconds.
Begin MonoManager ReloadAssembly
Native extension for WindowsStandalone target not found
Refreshing native plugins compatible for Editor in 0.44 ms, found 2 plugins.
Preloading 0 native plugins for Editor in 0.00 ms.
Mono: successfully reloaded assembly
- Completed reload, in  1.070 seconds
Domain Reload Profiling:
	ReloadAssembly (1070ms)
		BeginReloadAssembly (110ms)
			ExecutionOrderSort (0ms)
			DisableScriptedObjects (4ms)
			BackupInstance (0ms)
			ReleaseScriptingObjects (0ms)
			CreateAndSetChildDomain (33ms)
		EndReloadAssembly (907ms)
			LoadAssemblies (77ms)
			RebuildTransferFunctionScriptingTraits (0ms)
			SetupTypeCache (274ms)
			ReleaseScriptCaches (1ms)
			RebuildScriptCaches (53ms)
			SetupLoadedEditorAssemblies (362ms)
				LogAssemblyErrors (0ms)
				InitializePlatformSupportModulesInManaged (5ms)
				SetLoadedEditorAssemblies (0ms)
				RefreshPlugins (0ms)
				BeforeProcessingInitializeOnLoad (92ms)
				ProcessInitializeOnLoadAttributes (255ms)
				ProcessInitializeOnLoadMethodAttributes (3ms)
				AfterProcessingInitializeOnLoad (6ms)
				EditorAssembliesLoaded (0ms)
			ExecutionOrderSort2 (0ms)
			AwakeInstancesAfterBackupRestoration (45ms)
Platform modules already initialized, skipping
Shader 'Universal Render Pipeline/Particles/Lit': fallback shader 'Universal Render Pipeline/Particles/SimpleLit' not found
Refreshing native plugins compatible for Editor in 0.47 ms, found 2 plugins.
Preloading 0 native plugins for Editor in 0.00 ms.
Unloading 2729 Unused Serialized files (Serialized files now loaded: 0)
System memory in use before: 128.1 MB.
System memory in use after: 128.3 MB.

Unloading 15 unused Assets to reduce memory usage. Loaded Objects now: 3388.
Total: 2.484500 ms (FindLiveObjects: 0.234100 ms CreateObjectMapping: 0.104200 ms MarkObjects: 2.131400 ms  DeleteObjects: 0.014000 ms)

AssetImportParameters requested are different than current active one (requested -> active):
  custom:framework-win-MediaFoundation: 216162199b28c13a410421893ffa2e32 -> 
  custom:video-decoder-ogg-theora: a1e56fd34408186e4bbccfd4996cb3dc -> 
  custom:container-muxer-webm: aa71ff27fc2769a1b78a27578f13a17b -> 
  custom:container-demuxer-webm: 4f35f7cbe854078d1ac9338744f61a02 -> 
  custom:container-demuxer-ogg: 62fdf1f143b41e24485cea50d1cbac27 -> 
  custom:video-encoder-webm-vp8: eb34c28f22e8b96e1ab97ce403110664 -> 
  custom:video-decoder-webm-vp8: 9c59270c3fd7afecdb556c50c9e8de78 -> 
  custom:audio-decoder-ogg-vorbis: bf7c407c2cedff20999df2af8eb42d56 -> 
  custom:audio-encoder-webm-vorbis: bf7c407c2cedff20999df2af8eb42d56 -> 
========================================================================
Received Import Request.
  Time since last request: 234.930174 seconds.
  path: Assets/UITextures/Healthbar 1.png
  artifactKey: Guid(c85f908e0a39a014aaa0e9cca1a18e92) Importer(815301076,1909f56bfc062723c751e8b465ee728b)
Start importing Assets/UITextures/Healthbar 1.png using Guid(c85f908e0a39a014aaa0e9cca1a18e92) Importer(815301076,1909f56bfc062723c751e8b465ee728b)  -> (artifact id: 'c20ff7fa57460371176a5e436d31a247') in 0.041269 seconds 
  Import took 0.045571 seconds .

========================================================================
Received Import Request.
  Time since last request: 8.734115 seconds.
  path: Assets/UITextures/Healthbar 1.png
  artifactKey: Guid(c85f908e0a39a014aaa0e9cca1a18e92) Importer(815301076,1909f56bfc062723c751e8b465ee728b)
Start importing Assets/UITextures/Healthbar 1.png using Guid(c85f908e0a39a014aaa0e9cca1a18e92) Importer(815301076,1909f56bfc062723c751e8b465ee728b)  -> (artifact id: '3a04b4b4014e427ec67b07891dd3a94e') in 0.034122 seconds 
  Import took 0.038615 seconds .

========================================================================
Received Import Request.
  Time since last request: 59.672194 seconds.
  path: Packages/com.unity.render-pipelines.universal/Shaders/Unity.RenderPipelines.Universal.Shaders.asmdef
  artifactKey: Guid(b4517ec124862cb4bb3b8b27d72843a6) Importer(815301076,1909f56bfc062723c751e8b465ee728b)
Start importing Packages/com.unity.render-pipelines.universal/Shaders/Unity.RenderPipelines.Universal.Shaders.asmdef using Guid(b4517ec124862cb4bb3b8b27d72843a6) Importer(815301076,1909f56bfc062723c751e8b465ee728b)  -> (artifact id: '6dcf4ccd8f62beca0655b25cff49bc89') in 0.008507 seconds 
  Import took 0.013165 seconds .

========================================================================
Received Import Request.
  Time since last request: 8.499910 seconds.
  path: Packages/com.unity.render-pipelines.universal/Shaders/2D/Include
  artifactKey: Guid(b1e0c8a42c5ad194389231f7780e158d) Importer(815301076,1909f56bfc062723c751e8b465ee728b)
Start importing Packages/com.unity.render-pipelines.universal/Shaders/2D/Include using Guid(b1e0c8a42c5ad194389231f7780e158d) Importer(815301076,1909f56bfc062723c751e8b465ee728b)  -> (artifact id: 'fd0c052d3ea5c2b7183f8089a4e34885') in 0.006822 seconds 
  Import took 0.011050 seconds .

========================================================================
Received Import Request.
  Time since last request: 9.081593 seconds.
  path: Packages/com.unity.ugui/package.json
  artifactKey: Guid(319b8889f363f5947acf209c17a94149) Importer(815301076,1909f56bfc062723c751e8b465ee728b)
Start importing Packages/com.unity.ugui/package.json using Guid(319b8889f363f5947acf209c17a94149) Importer(815301076,1909f56bfc062723c751e8b465ee728b)  -> (artifact id: '3618019591a72bac2c477b4c925eb6e5') in 0.011632 seconds 
  Import took 0.016096 seconds .

========================================================================
Received Import Request.
  Time since last request: 2.243130 seconds.
  path: Packages/com.unity.ugui/Editor
  artifactKey: Guid(bee384ad5b4d1a843a018082e7db53cd) Importer(815301076,1909f56bfc062723c751e8b465ee728b)
Start importing Packages/com.unity.ugui/Editor using Guid(bee384ad5b4d1a843a018082e7db53cd) Importer(815301076,1909f56bfc062723c751e8b465ee728b)  -> (artifact id: '3a6882089124fa3e3e4daf11573b2a9a') in 0.005308 seconds 
  Import took 0.009247 seconds .

========================================================================
Received Import Request.
  Time since last request: 0.035720 seconds.
  path: Packages/com.unity.ugui/Editor/UnityEditor.UI.asmdef
  artifactKey: Guid(343deaaf83e0cee4ca978e7df0b80d21) Importer(815301076,1909f56bfc062723c751e8b465ee728b)
Start importing Packages/com.unity.ugui/Editor/UnityEditor.UI.asmdef using Guid(343deaaf83e0cee4ca978e7df0b80d21) Importer(815301076,1909f56bfc062723c751e8b465ee728b)  -> (artifact id: 'b6729f57df2b31e1ee16d37afa663e95') in 0.005294 seconds 
  Import took 0.010144 seconds .

========================================================================
Received Import Request.
  Time since last request: 1.104856 seconds.
  path: Packages/com.unity.ugui/Editor/UI
  artifactKey: Guid(853edc343b78a7c4c81cbb3851d48c0a) Importer(815301076,1909f56bfc062723c751e8b465ee728b)
Start importing Packages/com.unity.ugui/Editor/UI using Guid(853edc343b78a7c4c81cbb3851d48c0a) Importer(815301076,1909f56bfc062723c751e8b465ee728b)  -> (artifact id: 'd002f742b9a7dd36a18a266ab4d12948') in 0.005484 seconds 
  Import took 0.009293 seconds .

========================================================================
Received Import Request.
  Time since last request: 3.091861 seconds.
  path: Packages/com.unity.ugui/Editor/UI/PropertyDrawers
  artifactKey: Guid(bc9aa6d5a7945f34882c442e9e201537) Importer(815301076,1909f56bfc062723c751e8b465ee728b)
Start importing Packages/com.unity.ugui/Editor/UI/PropertyDrawers using Guid(bc9aa6d5a7945f34882c442e9e201537) Importer(815301076,1909f56bfc062723c751e8b465ee728b)  -> (artifact id: '111327928ffa3c2cf6dba6243ce20b25') in 0.005589 seconds 
  Import took 0.009562 seconds .

========================================================================
Received Import Request.
  Time since last request: 6.437052 seconds.
  path: Packages/com.unity.ugui/Editor/EventSystem
  artifactKey: Guid(f525580684527b147b70cf94aaa70dbc) Importer(815301076,1909f56bfc062723c751e8b465ee728b)
Start importing Packages/com.unity.ugui/Editor/EventSystem using Guid(f525580684527b147b70cf94aaa70dbc) Importer(815301076,1909f56bfc062723c751e8b465ee728b)  -> (artifact id: 'c4b37b2e22ab6ff32db1adf16b697df2') in 0.005526 seconds 
  Import took 0.009979 seconds .

========================================================================
Received Import Request.
  Time since last request: 1.828202 seconds.
  path: Packages/com.unity.ugui/Editor/Properties
  artifactKey: Guid(cf97e54bcd5479a46bdbade48da047cc) Importer(815301076,1909f56bfc062723c751e8b465ee728b)
Start importing Packages/com.unity.ugui/Editor/Properties using Guid(cf97e54bcd5479a46bdbade48da047cc) Importer(815301076,1909f56bfc062723c751e8b465ee728b)  -> (artifact id: 'c788801ec8a5f2bb301b7ee0a04d7031') in 0.005413 seconds 
  Import took 0.009496 seconds .

========================================================================
Received Import Request.
  Time since last request: 8.855935 seconds.
  path: Packages/com.unity.ugui/Tests/Editor/UnityEditor.UI.EditorTests.asmdef
  artifactKey: Guid(7c04f0dfa9243c04681a55d90d3ff3fc) Importer(815301076,1909f56bfc062723c751e8b465ee728b)
Start importing Packages/com.unity.ugui/Tests/Editor/UnityEditor.UI.EditorTests.asmdef using Guid(7c04f0dfa9243c04681a55d90d3ff3fc) Importer(815301076,1909f56bfc062723c751e8b465ee728b)  -> (artifact id: '26e74ddf7b099bb21f1e37831a4f5027') in 0.005054 seconds 
  Import took 0.008990 seconds .

========================================================================
Received Import Request.
  Time since last request: 0.962622 seconds.
  path: Packages/com.unity.ugui/Tests/Runtime/UnityEngine.UI.Tests.asmdef
  artifactKey: Guid(e9745f6a32442194c8dc5a43e9ab86f9) Importer(815301076,1909f56bfc062723c751e8b465ee728b)
Start importing Packages/com.unity.ugui/Tests/Runtime/UnityEngine.UI.Tests.asmdef using Guid(e9745f6a32442194c8dc5a43e9ab86f9) Importer(815301076,1909f56bfc062723c751e8b465ee728b)  -> (artifact id: '4cf33fd84799953dce754ba34801e4d3') in 0.004728 seconds 
  Import took 0.008585 seconds .

========================================================================
Received Import Request.
  Time since last request: 2.170132 seconds.
  path: Packages/com.unity.ugui/Tests/Runtime/Image
  artifactKey: Guid(1091bc2ad06e3234aac2b2fa2841c09d) Importer(815301076,1909f56bfc062723c751e8b465ee728b)
Start importing Packages/com.unity.ugui/Tests/Runtime/Image using Guid(1091bc2ad06e3234aac2b2fa2841c09d) Importer(815301076,1909f56bfc062723c751e8b465ee728b)  -> (artifact id: '257aaaad38b297cb70daebee35486d59') in 0.006057 seconds 
  Import took 0.010072 seconds .

========================================================================
Received Import Request.
  Time since last request: 2.056125 seconds.
  path: Packages/com.unity.ugui/Tests/Runtime/Graphic
  artifactKey: Guid(8313ea704470a264295ec9e09aec6ebc) Importer(815301076,1909f56bfc062723c751e8b465ee728b)
Start importing Packages/com.unity.ugui/Tests/Runtime/Graphic using Guid(8313ea704470a264295ec9e09aec6ebc) Importer(815301076,1909f56bfc062723c751e8b465ee728b)  -> (artifact id: '98e522efa666f8344854dc8351cab527') in 0.005384 seconds 
  Import took 0.010211 seconds .

========================================================================
Received Import Request.
  Time since last request: 6.320962 seconds.
  path: Packages/com.unity.searcher/Editor/Resources/FlatSkin/Font/Roboto-ThinItalic.ttf
  artifactKey: Guid(b2ea3b3f1765e544b9eb5bd1a93a91ce) Importer(815301076,1909f56bfc062723c751e8b465ee728b)
Start importing Packages/com.unity.searcher/Editor/Resources/FlatSkin/Font/Roboto-ThinItalic.ttf using Guid(b2ea3b3f1765e544b9eb5bd1a93a91ce) Importer(815301076,1909f56bfc062723c751e8b465ee728b)  -> (artifact id: 'ba40a33ebe4e71b22790e44d671cc6bb') in 0.095520 seconds 
  Import took 0.100259 seconds .

========================================================================
Received Import Request.
  Time since last request: 0.000221 seconds.
  path: Packages/com.unity.searcher/Editor/Resources/FlatSkin/Font/Roboto-BoldItalic.ttf
  artifactKey: Guid(dfb97a9307a577a41bcacba34b9a7e32) Importer(815301076,1909f56bfc062723c751e8b465ee728b)
Start importing Packages/com.unity.searcher/Editor/Resources/FlatSkin/Font/Roboto-BoldItalic.ttf using Guid(dfb97a9307a577a41bcacba34b9a7e32) Importer(815301076,1909f56bfc062723c751e8b465ee728b)  -> (artifact id: '825de22167f411121592fe162c841a30') in 0.017949 seconds 
  Import took 0.021973 seconds .

========================================================================
Received Import Request.
  Time since last request: 0.000317 seconds.
  path: Packages/com.unity.searcher/Editor/Resources/FlatSkin/Font/Roboto-Thin.ttf
  artifactKey: Guid(19a9abb883540be48b75b951a927ae03) Importer(815301076,1909f56bfc062723c751e8b465ee728b)
Start importing Packages/com.unity.searcher/Editor/Resources/FlatSkin/Font/Roboto-Thin.ttf using Guid(19a9abb883540be48b75b951a927ae03) Importer(815301076,1909f56bfc062723c751e8b465ee728b)  -> (artifact id: 'f487a4e4aacd82175d73f4042aa5fa49') in 0.022603 seconds 
  Import took 0.026748 seconds .

========================================================================
Received Import Request.
  Time since last request: 0.000266 seconds.
  path: Packages/com.unity.searcher/Editor/Resources/FlatSkin/Font/Roboto-BlackItalic.ttf
  artifactKey: Guid(f95147a9bab9fe649b8070170fa7ebd2) Importer(815301076,1909f56bfc062723c751e8b465ee728b)
Start importing Packages/com.unity.searcher/Editor/Resources/FlatSkin/Font/Roboto-BlackItalic.ttf using Guid(f95147a9bab9fe649b8070170fa7ebd2) Importer(815301076,1909f56bfc062723c751e8b465ee728b)  -> (artifact id: '281f6288b7fff1228ef5dbbb2da948f5') in 0.023760 seconds 
  Import took 0.027846 seconds .

========================================================================
Received Import Request.
  Time since last request: 0.000265 seconds.
  path: Packages/com.unity.render-pipelines.universal/Runtime/Materials/ParticlesUnlit.mat
  artifactKey: Guid(e823cd5b5d27c0f4b8256e7c12ee3e6d) Importer(815301076,1909f56bfc062723c751e8b465ee728b)
Start importing Packages/com.unity.render-pipelines.universal/Runtime/Materials/ParticlesUnlit.mat using Guid(e823cd5b5d27c0f4b8256e7c12ee3e6d) Importer(815301076,1909f56bfc062723c751e8b465ee728b)  -> (artifact id: '99ad136a977e600e034e76a5a4d398d3') in 0.023381 seconds 
  Import took 0.027277 seconds .

========================================================================
Received Import Request.
  Time since last request: 0.000318 seconds.
  path: Packages/com.unity.searcher/Editor/Resources/FlatSkin/Font/Roboto-MediumItalic.ttf
  artifactKey: Guid(d93c1bc57fdf1ac4dad1bf04fac05464) Importer(815301076,1909f56bfc062723c751e8b465ee728b)
Start importing Packages/com.unity.searcher/Editor/Resources/FlatSkin/Font/Roboto-MediumItalic.ttf using Guid(d93c1bc57fdf1ac4dad1bf04fac05464) Importer(815301076,1909f56bfc062723c751e8b465ee728b)  -> (artifact id: '58c5882e92500ae320500fe9b3d665dd') in 0.042670 seconds 
  Import took 0.046322 seconds .

========================================================================
Received Import Request.
  Time since last request: 0.000169 seconds.
  path: Packages/com.unity.render-pipelines.universal/Runtime/Materials/TerrainLit.mat
  artifactKey: Guid(594ea882c5a793440b60ff72d896021e) Importer(815301076,1909f56bfc062723c751e8b465ee728b)
Start importing Packages/com.unity.render-pipelines.universal/Runtime/Materials/TerrainLit.mat using Guid(594ea882c5a793440b60ff72d896021e) Importer(815301076,1909f56bfc062723c751e8b465ee728b)  -> (artifact id: 'ab64f9bde63633439aca009e40f16969') in 0.320111 seconds 
  Import took 0.324055 seconds .

========================================================================
Received Import Request.
  Time since last request: 0.000247 seconds.
  path: Packages/com.unity.searcher/Editor/Resources/FlatSkin/Font/Roboto-Bold.ttf
  artifactKey: Guid(3750c318f40cab44a97d3a81beaefeb3) Importer(815301076,1909f56bfc062723c751e8b465ee728b)
Start importing Packages/com.unity.searcher/Editor/Resources/FlatSkin/Font/Roboto-Bold.ttf using Guid(3750c318f40cab44a97d3a81beaefeb3) Importer(815301076,1909f56bfc062723c751e8b465ee728b)  -> (artifact id: '8debc1b854231a13bb53d0e310966621') in 0.014915 seconds 
  Import took 0.018951 seconds .

========================================================================
Received Import Request.
  Time since last request: 0.000285 seconds.
  path: Packages/com.unity.render-pipelines.universal/Runtime/Materials/Sprite-Unlit-Default.mat
  artifactKey: Guid(9dfc825aed78fcd4ba02077103263b40) Importer(815301076,1909f56bfc062723c751e8b465ee728b)
Start importing Packages/com.unity.render-pipelines.universal/Runtime/Materials/Sprite-Unlit-Default.mat using Guid(9dfc825aed78fcd4ba02077103263b40) Importer(815301076,1909f56bfc062723c751e8b465ee728b)  -> (artifact id: '994a0478a587cecb8b5f77d161e9a5e3') in 0.040002 seconds 
  Import took 0.043898 seconds .

========================================================================
Received Import Request.
  Time since last request: 0.000238 seconds.
  path: Packages/com.unity.searcher/Editor/Resources/FlatSkin/Font/Roboto-Italic.ttf
  artifactKey: Guid(c839255fc8f6b4b4d90bf8c1af9f9bd1) Importer(815301076,1909f56bfc062723c751e8b465ee728b)
Start importing Packages/com.unity.searcher/Editor/Resources/FlatSkin/Font/Roboto-Italic.ttf using Guid(c839255fc8f6b4b4d90bf8c1af9f9bd1) Importer(815301076,1909f56bfc062723c751e8b465ee728b)  -> (artifact id: 'd03c38a95d312a8e91c129c3b2546a02') in 0.017756 seconds 
  Import took 0.021309 seconds .

========================================================================
Received Import Request.
  Time since last request: 0.000245 seconds.
  path: Packages/com.unity.render-pipelines.universal/Runtime/Materials/SimpleLit.mat
  artifactKey: Guid(6a1143ee683302f4aa628c052723efc1) Importer(815301076,1909f56bfc062723c751e8b465ee728b)
Start importing Packages/com.unity.render-pipelines.universal/Runtime/Materials/SimpleLit.mat using Guid(6a1143ee683302f4aa628c052723efc1) Importer(815301076,1909f56bfc062723c751e8b465ee728b)  -> (artifact id: 'a8889a4e3636e69cc2f885c8eb7da0ff') in 0.312448 seconds 
  Import took 0.316638 seconds .

========================================================================
Received Import Request.
  Time since last request: 0.000244 seconds.
  path: Packages/com.unity.searcher/Editor/Resources/FlatSkin/Font/Roboto-Black.ttf
  artifactKey: Guid(1062c701058745940ae5dca6219c64c8) Importer(815301076,1909f56bfc062723c751e8b465ee728b)
Start importing Packages/com.unity.searcher/Editor/Resources/FlatSkin/Font/Roboto-Black.ttf using Guid(1062c701058745940ae5dca6219c64c8) Importer(815301076,1909f56bfc062723c751e8b465ee728b)  -> (artifact id: 'abc2282cc0e68fd965e457df18f71ff8') in 0.016335 seconds 
  Import took 0.020324 seconds .

========================================================================
Received Import Request.
  Time since last request: 0.000292 seconds.
  path: Packages/com.unity.searcher/Editor/Resources/FlatSkin/Font/Roboto-Regular.ttf
  artifactKey: Guid(30dc370b164eefc43b95744fc796dad0) Importer(815301076,1909f56bfc062723c751e8b465ee728b)
Start importing Packages/com.unity.searcher/Editor/Resources/FlatSkin/Font/Roboto-Regular.ttf using Guid(30dc370b164eefc43b95744fc796dad0) Importer(815301076,1909f56bfc062723c751e8b465ee728b)  -> (artifact id: 'fbf2b3983ef225c29d213c89f55f4a66') in 0.028552 seconds 
  Import took 0.032842 seconds .

========================================================================
Received Import Request.
  Time since last request: 0.000282 seconds.
  path: Packages/com.unity.render-pipelines.universal/Runtime/Materials/Sprite-Lit-Default.mat
  artifactKey: Guid(a97c105638bdf8b4a8650670310a4cd3) Importer(815301076,1909f56bfc062723c751e8b465ee728b)
Start importing Packages/com.unity.render-pipelines.universal/Runtime/Materials/Sprite-Lit-Default.mat using Guid(a97c105638bdf8b4a8650670310a4cd3) Importer(815301076,1909f56bfc062723c751e8b465ee728b)  -> (artifact id: '25b54cf2f33516cfc6a4beecb8590ef1') in 0.017542 seconds 
  Import took 0.021695 seconds .

========================================================================
Received Import Request.
  Time since last request: 0.000233 seconds.
  path: Packages/com.unity.render-pipelines.universal/Runtime/Materials/Lit.mat
  artifactKey: Guid(31321ba15b8f8eb4c954353edc038b1d) Importer(815301076,1909f56bfc062723c751e8b465ee728b)
Start importing Packages/com.unity.render-pipelines.universal/Runtime/Materials/Lit.mat using Guid(31321ba15b8f8eb4c954353edc038b1d) Importer(815301076,1909f56bfc062723c751e8b465ee728b)  -> (artifact id: '6c72d32a1b8ccbe7cff1bc91c2acf9a3') in 0.020249 seconds 
  Import took 0.023973 seconds .

========================================================================
Received Import Request.
  Time since last request: 0.000222 seconds.
  path: Packages/com.unity.searcher/Editor/Resources/FlatSkin/Font/Roboto-Medium.ttf
  artifactKey: Guid(a51a3aebb43ac044989270407476b208) Importer(815301076,1909f56bfc062723c751e8b465ee728b)
Start importing Packages/com.unity.searcher/Editor/Resources/FlatSkin/Font/Roboto-Medium.ttf using Guid(a51a3aebb43ac044989270407476b208) Importer(815301076,1909f56bfc062723c751e8b465ee728b)  -> (artifact id: '29fa8b1aa05069230cf1f311632501e5') in 0.026510 seconds 
  Import took 0.030875 seconds .

========================================================================
Received Import Request.
  Time since last request: 0.000223 seconds.
  path: Packages/com.unity.render-pipelines.core/Runtime/Debugging/Prefabs/Fonts/Perfect DOS VGA 437.ttf
  artifactKey: Guid(74a5091d8707f334b9a5c31ef71a64ba) Importer(815301076,1909f56bfc062723c751e8b465ee728b)
Start importing Packages/com.unity.render-pipelines.core/Runtime/Debugging/Prefabs/Fonts/Perfect DOS VGA 437.ttf using Guid(74a5091d8707f334b9a5c31ef71a64ba) Importer(815301076,1909f56bfc062723c751e8b465ee728b)  -> (artifact id: '567f3d9bb298a47dd4f6baa260d8cf16') in 0.028508 seconds 
  Import took 0.032687 seconds .

========================================================================
Received Import Request.
  Time since last request: 0.000217 seconds.
  path: Packages/com.unity.searcher/Editor/Resources/FlatSkin/Font/Roboto-Light.ttf
  artifactKey: Guid(2a29e27936eb547458f646f71125b264) Importer(815301076,1909f56bfc062723c751e8b465ee728b)
Start importing Packages/com.unity.searcher/Editor/Resources/FlatSkin/Font/Roboto-Light.ttf using Guid(2a29e27936eb547458f646f71125b264) Importer(815301076,1909f56bfc062723c751e8b465ee728b)  -> (artifact id: '1b65ce1bf114234a20ffa24686fb9d81') in 0.015063 seconds 
  Import took 0.019178 seconds .

========================================================================
Received Import Request.
  Time since last request: 0.000253 seconds.
  path: Packages/com.unity.searcher/Editor/Resources/FlatSkin/Font/Roboto-LightItalic.ttf
  artifactKey: Guid(5e63515167650a541b309ba3bfd4db3d) Importer(815301076,1909f56bfc062723c751e8b465ee728b)
Start importing Packages/com.unity.searcher/Editor/Resources/FlatSkin/Font/Roboto-LightItalic.ttf using Guid(5e63515167650a541b309ba3bfd4db3d) Importer(815301076,1909f56bfc062723c751e8b465ee728b)  -> (artifact id: '5a26c344b9daef1980b93c2daf94755e') in 0.039618 seconds 
  Import took 0.043769 seconds .

========================================================================
Received Import Request.
  Time since last request: 0.855630 seconds.
  path: Packages/com.unity.render-pipelines.core/Runtime/Debugging/Prefabs/Widgets/DebugUI BitField.prefab
  artifactKey: Guid(7c78b588b2e1f7c4a86ca4a985cf6e4a) Importer(815301076,1909f56bfc062723c751e8b465ee728b)
Start importing Packages/com.unity.render-pipelines.core/Runtime/Debugging/Prefabs/Widgets/DebugUI BitField.prefab using Guid(7c78b588b2e1f7c4a86ca4a985cf6e4a) Importer(815301076,1909f56bfc062723c751e8b465ee728b)  -> (artifact id: 'b5fa0aadb0f6dd3982a25aaeb8846400') in 0.053107 seconds 
  Import took 0.057924 seconds .

========================================================================
Received Import Request.
  Time since last request: 0.000328 seconds.
  path: Packages/com.unity.render-pipelines.core/Runtime/Debugging/Prefabs/Widgets/DebugUI EnumHistory.prefab
  artifactKey: Guid(b2da6b27df236b144b3516ed8e7d36ac) Importer(815301076,1909f56bfc062723c751e8b465ee728b)
Start importing Packages/com.unity.render-pipelines.core/Runtime/Debugging/Prefabs/Widgets/DebugUI EnumHistory.prefab using Guid(b2da6b27df236b144b3516ed8e7d36ac) Importer(815301076,1909f56bfc062723c751e8b465ee728b)  -> (artifact id: 'e00e0dbf25dc836edb5ae266878cafc2') in 0.008511 seconds 
  Import took 0.012464 seconds .

========================================================================
Received Import Request.
  Time since last request: 0.000262 seconds.
  path: Packages/com.unity.render-pipelines.core/Runtime/Debugging/Prefabs/Widgets/DebugUI Group.prefab
  artifactKey: Guid(38a07789c9e87004dad98c2909f58369) Importer(815301076,1909f56bfc062723c751e8b465ee728b)
Start importing Packages/com.unity.render-pipelines.core/Runtime/Debugging/Prefabs/Widgets/DebugUI Group.prefab using Guid(38a07789c9e87004dad98c2909f58369) Importer(815301076,1909f56bfc062723c751e8b465ee728b)  -> (artifact id: '70e21bf5f87ad8cec7143276776db7ee') in 0.008308 seconds 
  Import took 0.012584 seconds .

========================================================================
Received Import Request.
  Time since last request: 0.000281 seconds.
  path: Packages/com.unity.render-pipelines.core/Runtime/Debugging/Prefabs/Resources/DebugUI Persistent Canvas.prefab
  artifactKey: Guid(f6b1a0fe75d5009449cf55ae76220e2b) Importer(815301076,1909f56bfc062723c751e8b465ee728b)
Start importing Packages/com.unity.render-pipelines.core/Runtime/Debugging/Prefabs/Resources/DebugUI Persistent Canvas.prefab using Guid(f6b1a0fe75d5009449cf55ae76220e2b) Importer(815301076,1909f56bfc062723c751e8b465ee728b)  -> (artifact id: '7ac68b4cf5f97bcaf8bda04e5d7ed75a') in 0.010316 seconds 
  Import took 0.014620 seconds .

========================================================================
Received Import Request.
  Time since last request: 0.000191 seconds.
  path: Packages/com.unity.render-pipelines.core/Runtime/Debugging/Prefabs/Widgets/DebugUI Vector3.prefab
  artifactKey: Guid(94afea5f242d72547979595ba963f335) Importer(815301076,1909f56bfc062723c751e8b465ee728b)
Start importing Packages/com.unity.render-pipelines.core/Runtime/Debugging/Prefabs/Widgets/DebugUI Vector3.prefab using Guid(94afea5f242d72547979595ba963f335) Importer(815301076,1909f56bfc062723c751e8b465ee728b)  -> (artifact id: '5037eb1a07f20a6cf307c8c724128043') in 0.010506 seconds 
  Import took 0.015237 seconds .

========================================================================
Received Import Request.
  Time since last request: 0.000167 seconds.
  path: Packages/com.unity.render-pipelines.core/Runtime/Debugging/Prefabs/Widgets/DebugUI Row.prefab
  artifactKey: Guid(2d019437ff89b8d44949727731cd9357) Importer(815301076,1909f56bfc062723c751e8b465ee728b)
Start importing Packages/com.unity.render-pipelines.core/Runtime/Debugging/Prefabs/Widgets/DebugUI Row.prefab using Guid(2d019437ff89b8d44949727731cd9357) Importer(815301076,1909f56bfc062723c751e8b465ee728b)  -> (artifact id: 'aa171e68758bef075394e80ccb56b005') in 0.009721 seconds 
  Import took 0.013896 seconds .

========================================================================
Received Import Request.
  Time since last request: 0.000305 seconds.
  path: Packages/com.unity.render-pipelines.core/Runtime/Debugging/Prefabs/Widgets/DebugUI ToggleHistory.prefab
  artifactKey: Guid(5088d0220f0c4df439cf06c5c270eacb) Importer(815301076,1909f56bfc062723c751e8b465ee728b)
Start importing Packages/com.unity.render-pipelines.core/Runtime/Debugging/Prefabs/Widgets/DebugUI ToggleHistory.prefab using Guid(5088d0220f0c4df439cf06c5c270eacb) Importer(815301076,1909f56bfc062723c751e8b465ee728b)  -> (artifact id: '05afc764b973e8fce8fe50955057c451') in 0.009998 seconds 
  Import took 0.013649 seconds .

========================================================================
Received Import Request.
  Time since last request: 0.000236 seconds.
  path: Packages/com.unity.render-pipelines.core/Runtime/Debugging/Prefabs/Widgets/DebugUI HBox.prefab
  artifactKey: Guid(f7f5e36797cf0c1408561665c67b179b) Importer(815301076,1909f56bfc062723c751e8b465ee728b)
Start importing Packages/com.unity.render-pipelines.core/Runtime/Debugging/Prefabs/Widgets/DebugUI HBox.prefab using Guid(f7f5e36797cf0c1408561665c67b179b) Importer(815301076,1909f56bfc062723c751e8b465ee728b)  -> (artifact id: 'e7349127c1d5639597cd57706f23f909') in 0.007529 seconds 
  Import took 0.011244 seconds .

========================================================================
Received Import Request.
  Time since last request: 0.000232 seconds.
  path: Packages/com.unity.render-pipelines.core/Runtime/Debugging/Prefabs/Widgets/DebugUI Foldout.prefab
  artifactKey: Guid(1c87ab2ce8b8b304d98fbe9a734b1f74) Importer(815301076,1909f56bfc062723c751e8b465ee728b)
Start importing Packages/com.unity.render-pipelines.core/Runtime/Debugging/Prefabs/Widgets/DebugUI Foldout.prefab using Guid(1c87ab2ce8b8b304d98fbe9a734b1f74) Importer(815301076,1909f56bfc062723c751e8b465ee728b)  -> (artifact id: 'c5a357cf9edb91b378a945b9e96eba7f') in 0.009612 seconds 
  Import took 0.013506 seconds .

========================================================================
Received Import Request.
  Time since last request: 0.000195 seconds.
  path: Packages/com.unity.render-pipelines.core/Runtime/Debugging/Prefabs/Widgets/DebugUI Panel.prefab
  artifactKey: Guid(daa46a58178a6ad41ae1ddc2dc7f856d) Importer(815301076,1909f56bfc062723c751e8b465ee728b)
Start importing Packages/com.unity.render-pipelines.core/Runtime/Debugging/Prefabs/Widgets/DebugUI Panel.prefab using Guid(daa46a58178a6ad41ae1ddc2dc7f856d) Importer(815301076,1909f56bfc062723c751e8b465ee728b)  -> (artifact id: 'c780b9d21278b703a561c0e80b078ce9') in 0.014977 seconds 
  Import took 0.018733 seconds .

========================================================================
Received Import Request.
  Time since last request: 0.000277 seconds.
  path: Packages/com.unity.render-pipelines.core/Runtime/Debugging/Prefabs/Widgets/DebugUI UIntField.prefab
  artifactKey: Guid(f22bcc84a5f4a1944b075a2c4ac71493) Importer(815301076,1909f56bfc062723c751e8b465ee728b)
Start importing Packages/com.unity.render-pipelines.core/Runtime/Debugging/Prefabs/Widgets/DebugUI UIntField.prefab using Guid(f22bcc84a5f4a1944b075a2c4ac71493) Importer(815301076,1909f56bfc062723c751e8b465ee728b)  -> (artifact id: '72d7451a2098f7c7d96ce78b07142ef4') in 0.008300 seconds 
  Import took 0.012921 seconds .

========================================================================
Received Import Request.
  Time since last request: 0.000232 seconds.
  path: Packages/com.unity.render-pipelines.core/Runtime/Debugging/Prefabs/Widgets/DebugUI Color.prefab
  artifactKey: Guid(77c185820dd1a464eac89cae3abccddf) Importer(815301076,1909f56bfc062723c751e8b465ee728b)
Start importing Packages/com.unity.render-pipelines.core/Runtime/Debugging/Prefabs/Widgets/DebugUI Color.prefab using Guid(77c185820dd1a464eac89cae3abccddf) Importer(815301076,1909f56bfc062723c751e8b465ee728b)  -> (artifact id: 'c1fdfc2011035fabbdbe37566cd73a79') in 0.009823 seconds 
  Import took 0.013673 seconds .

========================================================================
Received Import Request.
  Time since last request: 0.000278 seconds.
  path: Packages/com.unity.render-pipelines.core/Runtime/Debugging/Prefabs/Widgets/DebugUI Value.prefab
  artifactKey: Guid(dc0f88987826e6e48b1fe9c7c2b53a53) Importer(815301076,1909f56bfc062723c751e8b465ee728b)
Start importing Packages/com.unity.render-pipelines.core/Runtime/Debugging/Prefabs/Widgets/DebugUI Value.prefab using Guid(dc0f88987826e6e48b1fe9c7c2b53a53) Importer(815301076,1909f56bfc062723c751e8b465ee728b)  -> (artifact id: '81ecb8a3ff366889e2f4113e7efdceb7') in 0.008047 seconds 
  Import took 0.011847 seconds .

========================================================================
Received Import Request.
  Time since last request: 0.000233 seconds.
  path: Packages/com.unity.render-pipelines.core/Runtime/Debugging/Prefabs/Widgets/DebugUI Button.prefab
  artifactKey: Guid(f6ce33b91f6ffe54cadacbf4bb112440) Importer(815301076,1909f56bfc062723c751e8b465ee728b)
Start importing Packages/com.unity.render-pipelines.core/Runtime/Debugging/Prefabs/Widgets/DebugUI Button.prefab using Guid(f6ce33b91f6ffe54cadacbf4bb112440) Importer(815301076,1909f56bfc062723c751e8b465ee728b)  -> (artifact id: '3eec7aea95e8e55a9229698f39741345') in 0.012006 seconds 
  Import took 0.015949 seconds .

========================================================================
Received Import Request.
  Time since last request: 0.000260 seconds.
  path: Packages/com.unity.render-pipelines.core/Runtime/Debugging/Prefabs/Widgets/DebugUI IntField.prefab
  artifactKey: Guid(ae00bb75e0cd5b04b8fe7fb4ab662629) Importer(815301076,1909f56bfc062723c751e8b465ee728b)
Start importing Packages/com.unity.render-pipelines.core/Runtime/Debugging/Prefabs/Widgets/DebugUI IntField.prefab using Guid(ae00bb75e0cd5b04b8fe7fb4ab662629) Importer(815301076,1909f56bfc062723c751e8b465ee728b)  -> (artifact id: '2ec9738b6ad77e1b56f2e0f6f64562ca') in 0.008029 seconds 
  Import took 0.011874 seconds .

========================================================================
Received Import Request.
  Time since last request: 0.000230 seconds.
  path: Packages/com.unity.render-pipelines.core/Runtime/Debugging/Prefabs/Widgets/DebugUI Vector4.prefab
  artifactKey: Guid(d47f009476100f545971a81ede14c750) Importer(815301076,1909f56bfc062723c751e8b465ee728b)
Start importing Packages/com.unity.render-pipelines.core/Runtime/Debugging/Prefabs/Widgets/DebugUI Vector4.prefab using Guid(d47f009476100f545971a81ede14c750) Importer(815301076,1909f56bfc062723c751e8b465ee728b)  -> (artifact id: '52c17e2665e40e047447e6fa5f198086') in 0.010160 seconds 
  Import took 0.014676 seconds .

========================================================================
Received Import Request.
  Time since last request: 0.000254 seconds.
  path: Packages/com.unity.render-pipelines.core/Runtime/Debugging/Prefabs/Widgets/DebugUI EnumField.prefab
  artifactKey: Guid(988db55689193434fb0b3b89538f978f) Importer(815301076,1909f56bfc062723c751e8b465ee728b)
Start importing Packages/com.unity.render-pipelines.core/Runtime/Debugging/Prefabs/Widgets/DebugUI EnumField.prefab using Guid(988db55689193434fb0b3b89538f978f) Importer(815301076,1909f56bfc062723c751e8b465ee728b)  -> (artifact id: 'f0a7b2bd726588245cadbd8462b1f24d') in 0.007819 seconds 
  Import took 0.012195 seconds .

========================================================================
Received Import Request.
  Time since last request: 0.000250 seconds.
  path: Packages/com.unity.render-pipelines.core/Runtime/Debugging/Prefabs/Widgets/DebugUI FloatField.prefab
  artifactKey: Guid(7d4fd3415ea7dd64bbcfe13fb48a730b) Importer(815301076,1909f56bfc062723c751e8b465ee728b)
Start importing Packages/com.unity.render-pipelines.core/Runtime/Debugging/Prefabs/Widgets/DebugUI FloatField.prefab using Guid(7d4fd3415ea7dd64bbcfe13fb48a730b) Importer(815301076,1909f56bfc062723c751e8b465ee728b)  -> (artifact id: '2189e095553db06f1ba7bf319982fcf8') in 0.008667 seconds 
  Import took 0.012988 seconds .

========================================================================
Received Import Request.
  Time since last request: 0.000238 seconds.
  path: Packages/com.unity.render-pipelines.core/Runtime/Debugging/Prefabs/Widgets/DebugUI Vector2.prefab
  artifactKey: Guid(326f7c58aed965d41bf7805a782d1e44) Importer(815301076,1909f56bfc062723c751e8b465ee728b)
Start importing Packages/com.unity.render-pipelines.core/Runtime/Debugging/Prefabs/Widgets/DebugUI Vector2.prefab using Guid(326f7c58aed965d41bf7805a782d1e44) Importer(815301076,1909f56bfc062723c751e8b465ee728b)  -> (artifact id: 'ef677248bc36f0bb3931cc7a7a0d9d00') in 0.009468 seconds 
  Import took 0.013916 seconds .

========================================================================
Received Import Request.
  Time since last request: 0.000202 seconds.
  path: Packages/com.unity.render-pipelines.core/Runtime/Debugging/Prefabs/Widgets/DebugUI VBox.prefab
  artifactKey: Guid(ca3e294656861a64b8aeeb9f916da0a9) Importer(815301076,1909f56bfc062723c751e8b465ee728b)
Start importing Packages/com.unity.render-pipelines.core/Runtime/Debugging/Prefabs/Widgets/DebugUI VBox.prefab using Guid(ca3e294656861a64b8aeeb9f916da0a9) Importer(815301076,1909f56bfc062723c751e8b465ee728b)  -> (artifact id: 'd075d6b639bb32adb65ae59f3ae66072') in 0.007753 seconds 
  Import took 0.011775 seconds .

========================================================================
Received Import Request.
  Time since last request: 0.000260 seconds.
  path: Packages/com.unity.render-pipelines.core/Runtime/Debugging/Prefabs/Resources/DebugUI Canvas.prefab
  artifactKey: Guid(cf6cbdd672089a84796e55a21fed1cbe) Importer(815301076,1909f56bfc062723c751e8b465ee728b)
Start importing Packages/com.unity.render-pipelines.core/Runtime/Debugging/Prefabs/Resources/DebugUI Canvas.prefab using Guid(cf6cbdd672089a84796e55a21fed1cbe) Importer(815301076,1909f56bfc062723c751e8b465ee728b)  -> (artifact id: '576bd7f84ea850a19c051757387ecca8') in 0.025937 seconds 
  Import took 0.030524 seconds .

========================================================================
Received Import Request.
  Time since last request: 0.000159 seconds.
  path: Packages/com.unity.render-pipelines.core/Runtime/Debugging/Prefabs/Widgets/DebugUI Toggle.prefab
  artifactKey: Guid(ce347ad101f41ee4ab5c3fbc0ea447db) Importer(815301076,1909f56bfc062723c751e8b465ee728b)
Start importing Packages/com.unity.render-pipelines.core/Runtime/Debugging/Prefabs/Widgets/DebugUI Toggle.prefab using Guid(ce347ad101f41ee4ab5c3fbc0ea447db) Importer(815301076,1909f56bfc062723c751e8b465ee728b)  -> (artifact id: '01896f2e321025307d1d48128d588053') in 0.007819 seconds 
  Import took 0.011369 seconds .

========================================================================
Received Import Request.
  Time since last request: 8.401530 seconds.
  path: Packages/com.unity.render-pipelines.universal/Editor/2D/Resources/SceneViewIcons/SpriteLight.png
  artifactKey: Guid(70d16a5f04690d74ab9b1ddcbefd47bb) Importer(815301076,1909f56bfc062723c751e8b465ee728b)
Start importing Packages/com.unity.render-pipelines.universal/Editor/2D/Resources/SceneViewIcons/SpriteLight.png using Guid(70d16a5f04690d74ab9b1ddcbefd47bb) Importer(815301076,1909f56bfc062723c751e8b465ee728b)  -> (artifact id: '979160f0eed20ecab7beea32abc6dd55') in 0.014410 seconds 
  Import took 0.018544 seconds .

========================================================================
Received Import Request.
  Time since last request: 0.000211 seconds.
  path: Packages/com.unity.render-pipelines.universal/Editor/2D/Resources/InspectorIcons/SpriteLight.png
  artifactKey: Guid(8839c54710da3374f994e12f39b6d65f) Importer(815301076,1909f56bfc062723c751e8b465ee728b)
Start importing Packages/com.unity.render-pipelines.universal/Editor/2D/Resources/InspectorIcons/SpriteLight.png using Guid(8839c54710da3374f994e12f39b6d65f) Importer(815301076,1909f56bfc062723c751e8b465ee728b)  -> (artifact id: 'db9df00d4546560f2d8004de3ef4cd43') in 0.011809 seconds 
  Import took 0.015700 seconds .

========================================================================
Received Import Request.
  Time since last request: 0.000225 seconds.
  path: Packages/com.unity.textmeshpro/Editor Resources/Gizmos/TMP - Sprite Asset Icon.psd
  artifactKey: Guid(ec7c645d93308c04d8840982af12101e) Importer(815301076,1909f56bfc062723c751e8b465ee728b)
Start importing Packages/com.unity.textmeshpro/Editor Resources/Gizmos/TMP - Sprite Asset Icon.psd using Guid(ec7c645d93308c04d8840982af12101e) Importer(815301076,1909f56bfc062723c751e8b465ee728b)  -> (artifact id: '99c6b9b972fb7d2f9f2072963a0d6fab') in 0.016212 seconds 
  Import took 0.020336 seconds .

========================================================================
Received Prepare
Registering precompiled user dll's ...
Registered in 0.003374 seconds.
Begin MonoManager ReloadAssembly
Native extension for WindowsStandalone target not found
Refreshing native plugins compatible for Editor in 0.57 ms, found 2 plugins.
Preloading 0 native plugins for Editor in 0.00 ms.
Mono: successfully reloaded assembly
- Completed reload, in  1.009 seconds
Domain Reload Profiling:
	ReloadAssembly (1010ms)
		BeginReloadAssembly (93ms)
			ExecutionOrderSort (0ms)
			DisableScriptedObjects (6ms)
			BackupInstance (0ms)
			ReleaseScriptingObjects (0ms)
			CreateAndSetChildDomain (33ms)
		EndReloadAssembly (867ms)
			LoadAssemblies (67ms)
			RebuildTransferFunctionScriptingTraits (0ms)
			SetupTypeCache (255ms)
			ReleaseScriptCaches (1ms)
			RebuildScriptCaches (50ms)
			SetupLoadedEditorAssemblies (356ms)
				LogAssemblyErrors (0ms)
				InitializePlatformSupportModulesInManaged (5ms)
				SetLoadedEditorAssemblies (0ms)
				RefreshPlugins (1ms)
				BeforeProcessingInitializeOnLoad (95ms)
				ProcessInitializeOnLoadAttributes (242ms)
				ProcessInitializeOnLoadMethodAttributes (3ms)
				AfterProcessingInitializeOnLoad (8ms)
				EditorAssembliesLoaded (0ms)
			ExecutionOrderSort2 (0ms)
			AwakeInstancesAfterBackupRestoration (44ms)
Platform modules already initialized, skipping
Shader 'Universal Render Pipeline/Particles/Lit': fallback shader 'Universal Render Pipeline/Particles/SimpleLit' not found
Refreshing native plugins compatible for Editor in 0.46 ms, found 2 plugins.
Preloading 0 native plugins for Editor in 0.00 ms.
Unloading 2729 Unused Serialized files (Serialized files now loaded: 0)
System memory in use before: 128.5 MB.
System memory in use after: 128.7 MB.

Unloading 17 unused Assets to reduce memory usage. Loaded Objects now: 3432.
Total: 2.306700 ms (FindLiveObjects: 0.218700 ms CreateObjectMapping: 0.102800 ms MarkObjects: 1.953600 ms  DeleteObjects: 0.030900 ms)

AssetImportParameters requested are different than current active one (requested -> active):
  custom:framework-win-MediaFoundation: 216162199b28c13a410421893ffa2e32 -> 
  custom:video-decoder-ogg-theora: a1e56fd34408186e4bbccfd4996cb3dc -> 
  custom:container-muxer-webm: aa71ff27fc2769a1b78a27578f13a17b -> 
  custom:container-demuxer-webm: 4f35f7cbe854078d1ac9338744f61a02 -> 
  custom:container-demuxer-ogg: 62fdf1f143b41e24485cea50d1cbac27 -> 
  custom:video-encoder-webm-vp8: eb34c28f22e8b96e1ab97ce403110664 -> 
  custom:video-decoder-webm-vp8: 9c59270c3fd7afecdb556c50c9e8de78 -> 
  custom:audio-decoder-ogg-vorbis: bf7c407c2cedff20999df2af8eb42d56 -> 
  custom:audio-encoder-webm-vorbis: bf7c407c2cedff20999df2af8eb42d56 -> 
========================================================================
Received Import Request.
  Time since last request: 359.363828 seconds.
  path: Assets/UITextures/Healthbar.png
  artifactKey: Guid(d979b220e3a55b54da026fc255694f90) Importer(815301076,1909f56bfc062723c751e8b465ee728b)
Start importing Assets/UITextures/Healthbar.png using Guid(d979b220e3a55b54da026fc255694f90) Importer(815301076,1909f56bfc062723c751e8b465ee728b)  -> (artifact id: 'd8a522c9f35e0934eb1e642683ebd84a') in 0.038494 seconds 
  Import took 0.042748 seconds .

========================================================================
Received Import Request.
  Time since last request: 10.184932 seconds.
  path: Assets/UITextures/Healthbar.png
  artifactKey: Guid(d979b220e3a55b54da026fc255694f90) Importer(815301076,1909f56bfc062723c751e8b465ee728b)
Start importing Assets/UITextures/Healthbar.png using Guid(d979b220e3a55b54da026fc255694f90) Importer(815301076,1909f56bfc062723c751e8b465ee728b)  -> (artifact id: '1861c23a091b12742e682b47c5f6c408') in 0.026949 seconds 
  Import took 0.030944 seconds .

========================================================================
Received Prepare
Registering precompiled user dll's ...
Registered in 0.003537 seconds.
Begin MonoManager ReloadAssembly
Native extension for WindowsStandalone target not found
Refreshing native plugins compatible for Editor in 0.49 ms, found 2 plugins.
Preloading 0 native plugins for Editor in 0.00 ms.
Mono: successfully reloaded assembly
- Completed reload, in  1.074 seconds
Domain Reload Profiling:
	ReloadAssembly (1075ms)
		BeginReloadAssembly (107ms)
			ExecutionOrderSort (0ms)
			DisableScriptedObjects (4ms)
			BackupInstance (0ms)
			ReleaseScriptingObjects (0ms)
			CreateAndSetChildDomain (36ms)
		EndReloadAssembly (915ms)
			LoadAssemblies (82ms)
			RebuildTransferFunctionScriptingTraits (0ms)
			SetupTypeCache (274ms)
			ReleaseScriptCaches (2ms)
			RebuildScriptCaches (57ms)
			SetupLoadedEditorAssemblies (358ms)
				LogAssemblyErrors (0ms)
				InitializePlatformSupportModulesInManaged (5ms)
				SetLoadedEditorAssemblies (0ms)
				RefreshPlugins (1ms)
				BeforeProcessingInitializeOnLoad (97ms)
				ProcessInitializeOnLoadAttributes (246ms)
				ProcessInitializeOnLoadMethodAttributes (3ms)
				AfterProcessingInitializeOnLoad (5ms)
				EditorAssembliesLoaded (0ms)
			ExecutionOrderSort2 (0ms)
			AwakeInstancesAfterBackupRestoration (43ms)
Platform modules already initialized, skipping
Shader 'Universal Render Pipeline/Particles/Lit': fallback shader 'Universal Render Pipeline/Particles/SimpleLit' not found
Refreshing native plugins compatible for Editor in 0.45 ms, found 2 plugins.
Preloading 0 native plugins for Editor in 0.00 ms.
Unloading 2729 Unused Serialized files (Serialized files now loaded: 0)
System memory in use before: 128.5 MB.
System memory in use after: 128.7 MB.

Unloading 15 unused Assets to reduce memory usage. Loaded Objects now: 3438.
Total: 2.281400 ms (FindLiveObjects: 0.214300 ms CreateObjectMapping: 0.098100 ms MarkObjects: 1.956200 ms  DeleteObjects: 0.012300 ms)

AssetImportParameters requested are different than current active one (requested -> active):
  custom:framework-win-MediaFoundation: 216162199b28c13a410421893ffa2e32 -> 
  custom:video-decoder-ogg-theora: a1e56fd34408186e4bbccfd4996cb3dc -> 
  custom:container-muxer-webm: aa71ff27fc2769a1b78a27578f13a17b -> 
  custom:container-demuxer-webm: 4f35f7cbe854078d1ac9338744f61a02 -> 
  custom:container-demuxer-ogg: 62fdf1f143b41e24485cea50d1cbac27 -> 
  custom:video-encoder-webm-vp8: eb34c28f22e8b96e1ab97ce403110664 -> 
  custom:video-decoder-webm-vp8: 9c59270c3fd7afecdb556c50c9e8de78 -> 
  custom:audio-decoder-ogg-vorbis: bf7c407c2cedff20999df2af8eb42d56 -> 
  custom:audio-encoder-webm-vorbis: bf7c407c2cedff20999df2af8eb42d56 -> 
========================================================================
Received Prepare
Registering precompiled user dll's ...
Registered in 0.003509 seconds.
Begin MonoManager ReloadAssembly
Native extension for WindowsStandalone target not found
Refreshing native plugins compatible for Editor in 0.59 ms, found 2 plugins.
Preloading 0 native plugins for Editor in 0.00 ms.
Mono: successfully reloaded assembly
- Completed reload, in  1.027 seconds
Domain Reload Profiling:
	ReloadAssembly (1028ms)
		BeginReloadAssembly (100ms)
			ExecutionOrderSort (0ms)
			DisableScriptedObjects (4ms)
			BackupInstance (0ms)
			ReleaseScriptingObjects (0ms)
			CreateAndSetChildDomain (28ms)
		EndReloadAssembly (878ms)
			LoadAssemblies (79ms)
			RebuildTransferFunctionScriptingTraits (0ms)
			SetupTypeCache (253ms)
			ReleaseScriptCaches (1ms)
			RebuildScriptCaches (50ms)
			SetupLoadedEditorAssemblies (358ms)
				LogAssemblyErrors (0ms)
				InitializePlatformSupportModulesInManaged (5ms)
				SetLoadedEditorAssemblies (0ms)
				RefreshPlugins (1ms)
				BeforeProcessingInitializeOnLoad (98ms)
				ProcessInitializeOnLoadAttributes (246ms)
				ProcessInitializeOnLoadMethodAttributes (3ms)
				AfterProcessingInitializeOnLoad (5ms)
				EditorAssembliesLoaded (0ms)
			ExecutionOrderSort2 (0ms)
			AwakeInstancesAfterBackupRestoration (41ms)
Platform modules already initialized, skipping
Shader 'Universal Render Pipeline/Particles/Lit': fallback shader 'Universal Render Pipeline/Particles/SimpleLit' not found
Refreshing native plugins compatible for Editor in 0.59 ms, found 2 plugins.
Preloading 0 native plugins for Editor in 0.00 ms.
Unloading 2729 Unused Serialized files (Serialized files now loaded: 0)
System memory in use before: 128.5 MB.
System memory in use after: 128.8 MB.

Unloading 15 unused Assets to reduce memory usage. Loaded Objects now: 3443.
Total: 2.784800 ms (FindLiveObjects: 0.236700 ms CreateObjectMapping: 0.113700 ms MarkObjects: 2.416900 ms  DeleteObjects: 0.015700 ms)

AssetImportParameters requested are different than current active one (requested -> active):
  custom:framework-win-MediaFoundation: 216162199b28c13a410421893ffa2e32 -> 
  custom:video-decoder-ogg-theora: a1e56fd34408186e4bbccfd4996cb3dc -> 
  custom:container-muxer-webm: aa71ff27fc2769a1b78a27578f13a17b -> 
  custom:container-demuxer-webm: 4f35f7cbe854078d1ac9338744f61a02 -> 
  custom:container-demuxer-ogg: 62fdf1f143b41e24485cea50d1cbac27 -> 
  custom:video-encoder-webm-vp8: eb34c28f22e8b96e1ab97ce403110664 -> 
  custom:video-decoder-webm-vp8: 9c59270c3fd7afecdb556c50c9e8de78 -> 
  custom:audio-decoder-ogg-vorbis: bf7c407c2cedff20999df2af8eb42d56 -> 
  custom:audio-encoder-webm-vorbis: bf7c407c2cedff20999df2af8eb42d56 -> 
========================================================================
Received Import Request.
  Time since last request: 281.616113 seconds.
  path: Assets/UITextures/grey_button05.png
  artifactKey: Guid(0174ae78ae898d54e808df8a0a765f37) Importer(815301076,1909f56bfc062723c751e8b465ee728b)
Start importing Assets/UITextures/grey_button05.png using Guid(0174ae78ae898d54e808df8a0a765f37) Importer(815301076,1909f56bfc062723c751e8b465ee728b)  -> (artifact id: '212b7621a4b0d900ae007aef9d559a60') in 0.045784 seconds 
  Import took 0.049926 seconds .

========================================================================
Received Import Request.
  Time since last request: 4.096896 seconds.
  path: Assets/UITextures/grey_button05.png
  artifactKey: Guid(0174ae78ae898d54e808df8a0a765f37) Importer(815301076,1909f56bfc062723c751e8b465ee728b)
Start importing Assets/UITextures/grey_button05.png using Guid(0174ae78ae898d54e808df8a0a765f37) Importer(815301076,1909f56bfc062723c751e8b465ee728b)  -> (artifact id: 'af10241bfa72396fb678d0a8197fbd45') in 0.032313 seconds 
  Import took 0.036394 seconds .

========================================================================
Received Prepare
Registering precompiled user dll's ...
Registered in 0.003381 seconds.
Begin MonoManager ReloadAssembly
Native extension for WindowsStandalone target not found
Refreshing native plugins compatible for Editor in 0.46 ms, found 2 plugins.
Preloading 0 native plugins for Editor in 0.00 ms.
Mono: successfully reloaded assembly
- Completed reload, in  1.006 seconds
Domain Reload Profiling:
	ReloadAssembly (1007ms)
		BeginReloadAssembly (93ms)
			ExecutionOrderSort (0ms)
			DisableScriptedObjects (4ms)
			BackupInstance (0ms)
			ReleaseScriptingObjects (0ms)
			CreateAndSetChildDomain (29ms)
		EndReloadAssembly (862ms)
			LoadAssemblies (70ms)
			RebuildTransferFunctionScriptingTraits (0ms)
			SetupTypeCache (245ms)
			ReleaseScriptCaches (2ms)
			RebuildScriptCaches (50ms)
			SetupLoadedEditorAssemblies (358ms)
				LogAssemblyErrors (0ms)
				InitializePlatformSupportModulesInManaged (5ms)
				SetLoadedEditorAssemblies (0ms)
				RefreshPlugins (1ms)
				BeforeProcessingInitializeOnLoad (95ms)
				ProcessInitializeOnLoadAttributes (247ms)
				ProcessInitializeOnLoadMethodAttributes (4ms)
				AfterProcessingInitializeOnLoad (5ms)
				EditorAssembliesLoaded (0ms)
			ExecutionOrderSort2 (0ms)
			AwakeInstancesAfterBackupRestoration (45ms)
Platform modules already initialized, skipping
Shader 'Universal Render Pipeline/Particles/Lit': fallback shader 'Universal Render Pipeline/Particles/SimpleLit' not found
Refreshing native plugins compatible for Editor in 0.45 ms, found 2 plugins.
Preloading 0 native plugins for Editor in 0.00 ms.
Unloading 2729 Unused Serialized files (Serialized files now loaded: 0)
System memory in use before: 128.6 MB.
System memory in use after: 128.8 MB.

Unloading 15 unused Assets to reduce memory usage. Loaded Objects now: 3450.
Total: 2.586700 ms (FindLiveObjects: 0.217500 ms CreateObjectMapping: 0.104900 ms MarkObjects: 2.249500 ms  DeleteObjects: 0.013900 ms)

AssetImportParameters requested are different than current active one (requested -> active):
  custom:framework-win-MediaFoundation: 216162199b28c13a410421893ffa2e32 -> 
  custom:video-decoder-ogg-theora: a1e56fd34408186e4bbccfd4996cb3dc -> 
  custom:container-muxer-webm: aa71ff27fc2769a1b78a27578f13a17b -> 
  custom:container-demuxer-webm: 4f35f7cbe854078d1ac9338744f61a02 -> 
  custom:container-demuxer-ogg: 62fdf1f143b41e24485cea50d1cbac27 -> 
  custom:video-encoder-webm-vp8: eb34c28f22e8b96e1ab97ce403110664 -> 
  custom:video-decoder-webm-vp8: 9c59270c3fd7afecdb556c50c9e8de78 -> 
  custom:audio-decoder-ogg-vorbis: bf7c407c2cedff20999df2af8eb42d56 -> 
  custom:audio-encoder-webm-vorbis: bf7c407c2cedff20999df2af8eb42d56 -> 
========================================================================
Received Import Request.
  Time since last request: 149.317441 seconds.
  path: Assets/UITextures/Healthbar.png
  artifactKey: Guid(d979b220e3a55b54da026fc255694f90) Importer(815301076,1909f56bfc062723c751e8b465ee728b)
Start importing Assets/UITextures/Healthbar.png using Guid(d979b220e3a55b54da026fc255694f90) Importer(815301076,1909f56bfc062723c751e8b465ee728b)  -> (artifact id: 'c231d2c21bf77fe55b4b35276f353421') in 0.045643 seconds 
  Import took 0.050142 seconds .

========================================================================
Received Import Request.
  Time since last request: 183.627175 seconds.
  path: Assets/UITextures/grey_panel.png
  artifactKey: Guid(a83528a6c27e4ae49b1102f1bd31ba71) Importer(815301076,1909f56bfc062723c751e8b465ee728b)
Start importing Assets/UITextures/grey_panel.png using Guid(a83528a6c27e4ae49b1102f1bd31ba71) Importer(815301076,1909f56bfc062723c751e8b465ee728b)  -> (artifact id: '90ab9bc41b1a676bffcb975f3efa98ae') in 0.011922 seconds 
  Import took 0.017659 seconds .

========================================================================
Received Import Request.
  Time since last request: 22.084597 seconds.
  path: Assets/UITextures/grey_panel.png
  artifactKey: Guid(a83528a6c27e4ae49b1102f1bd31ba71) Importer(815301076,1909f56bfc062723c751e8b465ee728b)
Start importing Assets/UITextures/grey_panel.png using Guid(a83528a6c27e4ae49b1102f1bd31ba71) Importer(815301076,1909f56bfc062723c751e8b465ee728b)  -> (artifact id: 'fbfe3cc7d9fa7c6a68bea66f1d0555de') in 0.015876 seconds 
  Import took 0.020132 seconds .

========================================================================
Received Import Request.
  Time since last request: 21.579296 seconds.
  path: Assets/UITextures/grey_panel.png
  artifactKey: Guid(a83528a6c27e4ae49b1102f1bd31ba71) Importer(815301076,1909f56bfc062723c751e8b465ee728b)
Start importing Assets/UITextures/grey_panel.png using Guid(a83528a6c27e4ae49b1102f1bd31ba71) Importer(815301076,1909f56bfc062723c751e8b465ee728b)  -> (artifact id: '8af3a4d6ff28a519b1807ee42b2e2636') in 0.012274 seconds 
  Import took 0.017345 seconds .

========================================================================
Received Import Request.
  Time since last request: 2.770538 seconds.
  path: Assets/UITextures/grey_panel.png
  artifactKey: Guid(a83528a6c27e4ae49b1102f1bd31ba71) Importer(815301076,1909f56bfc062723c751e8b465ee728b)
Start importing Assets/UITextures/grey_panel.png using Guid(a83528a6c27e4ae49b1102f1bd31ba71) Importer(815301076,1909f56bfc062723c751e8b465ee728b)  -> (artifact id: 'a0ed3823e4b264954f691475ae7a4717') in 0.012685 seconds 
  Import took 0.017111 seconds .

========================================================================
Received Import Request.
  Time since last request: 6.037706 seconds.
  path: Assets/UITextures/grey_panel.png
  artifactKey: Guid(a83528a6c27e4ae49b1102f1bd31ba71) Importer(815301076,1909f56bfc062723c751e8b465ee728b)
Start importing Assets/UITextures/grey_panel.png using Guid(a83528a6c27e4ae49b1102f1bd31ba71) Importer(815301076,1909f56bfc062723c751e8b465ee728b)  -> (artifact id: '3cc3badb0061f12db64c1e6530e39889') in 0.013791 seconds 
  Import took 0.017532 seconds .

========================================================================
Received Import Request.
  Time since last request: 3.339289 seconds.
  path: Assets/UITextures/grey_panel.png
  artifactKey: Guid(a83528a6c27e4ae49b1102f1bd31ba71) Importer(815301076,1909f56bfc062723c751e8b465ee728b)
Start importing Assets/UITextures/grey_panel.png using Guid(a83528a6c27e4ae49b1102f1bd31ba71) Importer(815301076,1909f56bfc062723c751e8b465ee728b)  -> (artifact id: '642504ef43b10ec2919b765045dbc5b8') in 0.015867 seconds 
  Import took 0.020374 seconds .

========================================================================
Received Import Request.
  Time since last request: 2.344745 seconds.
  path: Assets/UITextures/grey_panel.png
  artifactKey: Guid(a83528a6c27e4ae49b1102f1bd31ba71) Importer(815301076,1909f56bfc062723c751e8b465ee728b)
Start importing Assets/UITextures/grey_panel.png using Guid(a83528a6c27e4ae49b1102f1bd31ba71) Importer(815301076,1909f56bfc062723c751e8b465ee728b)  -> (artifact id: 'aee6708294aeec86b6f459e02ee12b2a') in 0.012817 seconds 
  Import took 0.016752 seconds .

========================================================================
Received Import Request.
  Time since last request: 2.379748 seconds.
  path: Assets/UITextures/grey_panel.png
  artifactKey: Guid(a83528a6c27e4ae49b1102f1bd31ba71) Importer(815301076,1909f56bfc062723c751e8b465ee728b)
Start importing Assets/UITextures/grey_panel.png using Guid(a83528a6c27e4ae49b1102f1bd31ba71) Importer(815301076,1909f56bfc062723c751e8b465ee728b)  -> (artifact id: '0ef54a808922c8a9a06aae040ff86ec7') in 0.015911 seconds 
  Import took 0.020138 seconds .

========================================================================
Received Import Request.
  Time since last request: 6.646970 seconds.
  path: Assets/UITextures/grey_panel.png
  artifactKey: Guid(a83528a6c27e4ae49b1102f1bd31ba71) Importer(815301076,1909f56bfc062723c751e8b465ee728b)
Start importing Assets/UITextures/grey_panel.png using Guid(a83528a6c27e4ae49b1102f1bd31ba71) Importer(815301076,1909f56bfc062723c751e8b465ee728b)  -> (artifact id: 'a34aa2efed1cff3124619c3c8845a703') in 0.008780 seconds 
  Import took 0.013612 seconds .

========================================================================
Received Import Request.
  Time since last request: 4.848563 seconds.
  path: Assets/UITextures/grey_panel.png
  artifactKey: Guid(a83528a6c27e4ae49b1102f1bd31ba71) Importer(815301076,1909f56bfc062723c751e8b465ee728b)
Start importing Assets/UITextures/grey_panel.png using Guid(a83528a6c27e4ae49b1102f1bd31ba71) Importer(815301076,1909f56bfc062723c751e8b465ee728b)  -> (artifact id: 'ac179eb2c5fb1366db8d4f54f6c2f7b2') in 0.010288 seconds 
  Import took 0.014849 seconds .

========================================================================
Received Import Request.
  Time since last request: 122.069132 seconds.
  path: Assets/UITextures/grey_button12.png
  artifactKey: Guid(da15ec16dd31b844a99afb2e11fa8e42) Importer(815301076,1909f56bfc062723c751e8b465ee728b)
Start importing Assets/UITextures/grey_button12.png using Guid(da15ec16dd31b844a99afb2e11fa8e42) Importer(815301076,1909f56bfc062723c751e8b465ee728b)  -> (artifact id: '51c412cffcb30e481efb581218622661') in 0.008805 seconds 
  Import took 0.013551 seconds .

========================================================================
Received Import Request.
  Time since last request: 5.841381 seconds.
  path: Assets/UITextures/grey_button12.png
  artifactKey: Guid(da15ec16dd31b844a99afb2e11fa8e42) Importer(815301076,1909f56bfc062723c751e8b465ee728b)
Start importing Assets/UITextures/grey_button12.png using Guid(da15ec16dd31b844a99afb2e11fa8e42) Importer(815301076,1909f56bfc062723c751e8b465ee728b)  -> (artifact id: '59094f54739c6c59207371a6b549048b') in 0.011295 seconds 
  Import took 0.015672 seconds .

========================================================================
Received Import Request.
  Time since last request: 0.000416 seconds.
  path: Assets/UITextures/grey_button12.png
  artifactKey: Guid(da15ec16dd31b844a99afb2e11fa8e42) Importer(815301076,1909f56bfc062723c751e8b465ee728b)
Start importing Assets/UITextures/grey_button12.png using Guid(da15ec16dd31b844a99afb2e11fa8e42) Importer(815301076,1909f56bfc062723c751e8b465ee728b)  -> (artifact id: '59094f54739c6c59207371a6b549048b') in 0.021354 seconds 
  Import took 0.025565 seconds .

========================================================================
Received Import Request.
  Time since last request: 25.927021 seconds.
  path: Assets/UITextures/grey_button05.png
  artifactKey: Guid(0174ae78ae898d54e808df8a0a765f37) Importer(815301076,1909f56bfc062723c751e8b465ee728b)
Start importing Assets/UITextures/grey_button05.png using Guid(0174ae78ae898d54e808df8a0a765f37) Importer(815301076,1909f56bfc062723c751e8b465ee728b)  -> (artifact id: 'aeb342f42045615525086c1220ad8572') in 0.015578 seconds 
  Import took 0.019613 seconds .

========================================================================
Received Import Request.
  Time since last request: 5.386158 seconds.
  path: Assets/UITextures/grey_button05.png
  artifactKey: Guid(0174ae78ae898d54e808df8a0a765f37) Importer(815301076,1909f56bfc062723c751e8b465ee728b)
Start importing Assets/UITextures/grey_button05.png using Guid(0174ae78ae898d54e808df8a0a765f37) Importer(815301076,1909f56bfc062723c751e8b465ee728b)  -> (artifact id: 'a8f27740cbed84b5961e76a1f9a64fa1') in 0.012419 seconds 
  Import took 0.016304 seconds .

========================================================================
Received Prepare
Registering precompiled user dll's ...
Registered in 0.003217 seconds.
Begin MonoManager ReloadAssembly
Native extension for WindowsStandalone target not found
Refreshing native plugins compatible for Editor in 0.45 ms, found 2 plugins.
Preloading 0 native plugins for Editor in 0.00 ms.
Mono: successfully reloaded assembly
- Completed reload, in  1.017 seconds
Domain Reload Profiling:
	ReloadAssembly (1017ms)
		BeginReloadAssembly (97ms)
			ExecutionOrderSort (0ms)
			DisableScriptedObjects (4ms)
			BackupInstance (0ms)
			ReleaseScriptingObjects (0ms)
			CreateAndSetChildDomain (30ms)
		EndReloadAssembly (868ms)
			LoadAssemblies (72ms)
			RebuildTransferFunctionScriptingTraits (0ms)
			SetupTypeCache (251ms)
			ReleaseScriptCaches (1ms)
			RebuildScriptCaches (51ms)
			SetupLoadedEditorAssemblies (354ms)
				LogAssemblyErrors (0ms)
				InitializePlatformSupportModulesInManaged (4ms)
				SetLoadedEditorAssemblies (0ms)
				RefreshPlugins (0ms)
				BeforeProcessingInitializeOnLoad (93ms)
				ProcessInitializeOnLoadAttributes (247ms)
				ProcessInitializeOnLoadMethodAttributes (3ms)
				AfterProcessingInitializeOnLoad (5ms)
				EditorAssembliesLoaded (0ms)
			ExecutionOrderSort2 (0ms)
			AwakeInstancesAfterBackupRestoration (41ms)
Platform modules already initialized, skipping
Shader 'Universal Render Pipeline/Particles/Lit': fallback shader 'Universal Render Pipeline/Particles/SimpleLit' not found
Refreshing native plugins compatible for Editor in 0.50 ms, found 2 plugins.
Preloading 0 native plugins for Editor in 0.00 ms.
Unloading 2729 Unused Serialized files (Serialized files now loaded: 0)
System memory in use before: 128.6 MB.
System memory in use after: 128.8 MB.

Unloading 15 unused Assets to reduce memory usage. Loaded Objects now: 3462.
Total: 2.894000 ms (FindLiveObjects: 0.303600 ms CreateObjectMapping: 0.131100 ms MarkObjects: 2.438000 ms  DeleteObjects: 0.020300 ms)

AssetImportParameters requested are different than current active one (requested -> active):
  custom:framework-win-MediaFoundation: 216162199b28c13a410421893ffa2e32 -> 
  custom:video-decoder-ogg-theora: a1e56fd34408186e4bbccfd4996cb3dc -> 
  custom:container-muxer-webm: aa71ff27fc2769a1b78a27578f13a17b -> 
  custom:container-demuxer-webm: 4f35f7cbe854078d1ac9338744f61a02 -> 
  custom:container-demuxer-ogg: 62fdf1f143b41e24485cea50d1cbac27 -> 
  custom:video-encoder-webm-vp8: eb34c28f22e8b96e1ab97ce403110664 -> 
  custom:video-decoder-webm-vp8: 9c59270c3fd7afecdb556c50c9e8de78 -> 
  custom:audio-decoder-ogg-vorbis: bf7c407c2cedff20999df2af8eb42d56 -> 
  custom:audio-encoder-webm-vorbis: bf7c407c2cedff20999df2af8eb42d56 -> 
========================================================================
Received Import Request.
  Time since last request: 177.441646 seconds.
  path: Assets/Prefabs/PrefabTex
  artifactKey: Guid(4dddff1f1029e6542a4857755eecc348) Importer(815301076,1909f56bfc062723c751e8b465ee728b)
Start importing Assets/Prefabs/PrefabTex using Guid(4dddff1f1029e6542a4857755eecc348) Importer(815301076,1909f56bfc062723c751e8b465ee728b)  -> (artifact id: '00fbb6be5d8668d50a2f96e6d1de8825') in 0.008418 seconds 
  Import took 0.012800 seconds .

========================================================================
Received Import Request.
  Time since last request: 572.698044 seconds.
  path: Assets/Scenes/SampleUi.unity
  artifactKey: Guid(5b6b1b2ef111f8e4ca6fd6e821a67c4e) Importer(815301076,1909f56bfc062723c751e8b465ee728b)
Start importing Assets/Scenes/SampleUi.unity using Guid(5b6b1b2ef111f8e4ca6fd6e821a67c4e) Importer(815301076,1909f56bfc062723c751e8b465ee728b)  -> (artifact id: '0fe82330a4de311a038b21642b2bae80') in 0.018425 seconds 
  Import took 0.022606 seconds .

========================================================================
Received Import Request.
  Time since last request: 8.877190 seconds.
  path: Assets/Scenes/SampleUI.unity
  artifactKey: Guid(5b6b1b2ef111f8e4ca6fd6e821a67c4e) Importer(815301076,1909f56bfc062723c751e8b465ee728b)
Start importing Assets/Scenes/SampleUI.unity using Guid(5b6b1b2ef111f8e4ca6fd6e821a67c4e) Importer(815301076,1909f56bfc062723c751e8b465ee728b)  -> (artifact id: '7aa567c332f8bc039fc4af024a245cc2') in 0.005847 seconds 
  Import took 0.010174 seconds .

========================================================================
Received Import Request.
  Time since last request: 328.684111 seconds.
  path: Assets/UITextures/Fonts/sprFont.png
  artifactKey: Guid(bae65d1023c244741a11cfec2c5ba695) Importer(815301076,1909f56bfc062723c751e8b465ee728b)
Start importing Assets/UITextures/Fonts/sprFont.png using Guid(bae65d1023c244741a11cfec2c5ba695) Importer(815301076,1909f56bfc062723c751e8b465ee728b)  -> (artifact id: 'edf1c331a2dc94b054d073e69780e847') in 0.024221 seconds 
  Import took 0.028724 seconds .

========================================================================
Received Import Request.
  Time since last request: 248.641628 seconds.
  path: Assets/UITextures/Fonts/always forever.ttf
  artifactKey: Guid(269aa87e65d89074786e08ca868024d1) Importer(815301076,1909f56bfc062723c751e8b465ee728b)
Start importing Assets/UITextures/Fonts/always forever.ttf using Guid(269aa87e65d89074786e08ca868024d1) Importer(815301076,1909f56bfc062723c751e8b465ee728b)  -> (artifact id: '38b229035b1b8689cf788ceb2b3b0107') in 0.101672 seconds 
  Import took 0.106474 seconds .

========================================================================
Received Import Request.
  Time since last request: 19.250881 seconds.
  path: Assets/UITextures/Fonts/always forever.ttf
  artifactKey: Guid(269aa87e65d89074786e08ca868024d1) Importer(815301076,1909f56bfc062723c751e8b465ee728b)
Start importing Assets/UITextures/Fonts/always forever.ttf using Guid(269aa87e65d89074786e08ca868024d1) Importer(815301076,1909f56bfc062723c751e8b465ee728b)  -> (artifact id: '6c307e7389a48c1147e760d8fca15ad2') in 0.012631 seconds 
  Import took 0.016654 seconds .

========================================================================
Received Import Request.
  Time since last request: 6.248580 seconds.
  path: Assets/UITextures/Fonts/always forever.ttf
  artifactKey: Guid(269aa87e65d89074786e08ca868024d1) Importer(815301076,1909f56bfc062723c751e8b465ee728b)
Start importing Assets/UITextures/Fonts/always forever.ttf using Guid(269aa87e65d89074786e08ca868024d1) Importer(815301076,1909f56bfc062723c751e8b465ee728b)  -> (artifact id: '4f3ebbdf925072742d837d113c7d0b24') in 0.013666 seconds 
  Import took 0.017684 seconds .

========================================================================
Received Import Request.
  Time since last request: 79.384463 seconds.
  path: Assets/UITextures/Fonts/MorrisRomanAlternate-Black.ttf
  artifactKey: Guid(aba6ed3c330833c4aa620f2808aba95c) Importer(815301076,1909f56bfc062723c751e8b465ee728b)
Start importing Assets/UITextures/Fonts/MorrisRomanAlternate-Black.ttf using Guid(aba6ed3c330833c4aa620f2808aba95c) Importer(815301076,1909f56bfc062723c751e8b465ee728b)  -> (artifact id: 'a06c845a7cbd3acac7a39f4f6bea6bee') in 0.016281 seconds 
  Import took 0.020650 seconds .

========================================================================
Received Import Request.
  Time since last request: 403.455434 seconds.
  path: Assets/Scenes/SampleScene.unity
  artifactKey: Guid(9fc0d4010bbf28b4594072e72b8655ab) Importer(815301076,1909f56bfc062723c751e8b465ee728b)
Start importing Assets/Scenes/SampleScene.unity using Guid(9fc0d4010bbf28b4594072e72b8655ab) Importer(815301076,1909f56bfc062723c751e8b465ee728b)  -> (artifact id: '55e0461969c50414ba709224e438c91b') in 0.005639 seconds 
  Import took 0.009944 seconds .

========================================================================
Received Prepare
Registering precompiled user dll's ...
Registered in 0.003374 seconds.
Begin MonoManager ReloadAssembly
Native extension for WindowsStandalone target not found
Refreshing native plugins compatible for Editor in 0.44 ms, found 2 plugins.
Preloading 0 native plugins for Editor in 0.00 ms.
Mono: successfully reloaded assembly
- Completed reload, in  1.059 seconds
Domain Reload Profiling:
	ReloadAssembly (1060ms)
		BeginReloadAssembly (106ms)
			ExecutionOrderSort (0ms)
			DisableScriptedObjects (7ms)
			BackupInstance (0ms)
			ReleaseScriptingObjects (0ms)
			CreateAndSetChildDomain (35ms)
		EndReloadAssembly (901ms)
			LoadAssemblies (73ms)
			RebuildTransferFunctionScriptingTraits (0ms)
			SetupTypeCache (263ms)
			ReleaseScriptCaches (1ms)
			RebuildScriptCaches (52ms)
			SetupLoadedEditorAssemblies (371ms)
				LogAssemblyErrors (0ms)
				InitializePlatformSupportModulesInManaged (5ms)
				SetLoadedEditorAssemblies (0ms)
				RefreshPlugins (0ms)
				BeforeProcessingInitializeOnLoad (103ms)
				ProcessInitializeOnLoadAttributes (252ms)
				ProcessInitializeOnLoadMethodAttributes (4ms)
				AfterProcessingInitializeOnLoad (6ms)
				EditorAssembliesLoaded (0ms)
			ExecutionOrderSort2 (0ms)
			AwakeInstancesAfterBackupRestoration (45ms)
Platform modules already initialized, skipping
Shader 'Universal Render Pipeline/Particles/Lit': fallback shader 'Universal Render Pipeline/Particles/SimpleLit' not found
Refreshing native plugins compatible for Editor in 0.44 ms, found 2 plugins.
Preloading 0 native plugins for Editor in 0.00 ms.
Unloading 2729 Unused Serialized files (Serialized files now loaded: 0)
System memory in use before: 128.7 MB.
System memory in use after: 129.0 MB.

Unloading 15 unused Assets to reduce memory usage. Loaded Objects now: 3505.
Total: 2.347200 ms (FindLiveObjects: 0.213500 ms CreateObjectMapping: 0.095300 ms MarkObjects: 2.023800 ms  DeleteObjects: 0.013900 ms)

AssetImportParameters requested are different than current active one (requested -> active):
  custom:framework-win-MediaFoundation: 216162199b28c13a410421893ffa2e32 -> 
  custom:video-decoder-ogg-theora: a1e56fd34408186e4bbccfd4996cb3dc -> 
  custom:container-muxer-webm: aa71ff27fc2769a1b78a27578f13a17b -> 
  custom:container-demuxer-webm: 4f35f7cbe854078d1ac9338744f61a02 -> 
  custom:container-demuxer-ogg: 62fdf1f143b41e24485cea50d1cbac27 -> 
  custom:video-encoder-webm-vp8: eb34c28f22e8b96e1ab97ce403110664 -> 
  custom:video-decoder-webm-vp8: 9c59270c3fd7afecdb556c50c9e8de78 -> 
  custom:audio-decoder-ogg-vorbis: bf7c407c2cedff20999df2af8eb42d56 -> 
  custom:audio-encoder-webm-vorbis: bf7c407c2cedff20999df2af8eb42d56 -> 
AssetImportWorkerClient::OnTransportError - code=2 error=End of file
